{"C:\\Users\\Terer\\Desktop\\UNIVERSITY\\AN 2\\SEMESTRUL 4\\MPP (Systems for Design and Implementations)\\HarmonicArchive\\HarmonicArchive\\src\\App.vue": {"path":"C:\\Users\\Terer\\Desktop\\UNIVERSITY\\AN 2\\SEMESTRUL 4\\MPP (Systems for Design and Implementations)\\HarmonicArchive\\HarmonicArchive\\src\\App.vue","all":true,"statementMap":{"0":{"start":{"line":1,"column":0},"end":{"line":1,"column":80}},"1":{"start":{"line":2,"column":0},"end":{"line":2,"column":77}},"2":{"start":{"line":3,"column":0},"end":{"line":3,"column":10}},"3":{"start":{"line":4,"column":0},"end":{"line":4,"column":16}},"4":{"start":{"line":5,"column":0},"end":{"line":5,"column":31}},"5":{"start":{"line":6,"column":0},"end":{"line":6,"column":8}},"6":{"start":{"line":7,"column":0},"end":{"line":7,"column":11}},"7":{"start":{"line":8,"column":0},"end":{"line":8,"column":0}},"8":{"start":{"line":9,"column":0},"end":{"line":9,"column":8}},"9":{"start":{"line":10,"column":0},"end":{"line":10,"column":16}},"10":{"start":{"line":11,"column":0},"end":{"line":11,"column":14}},"11":{"start":{"line":12,"column":0},"end":{"line":12,"column":2}},"12":{"start":{"line":13,"column":0},"end":{"line":13,"column":9}},"13":{"start":{"line":14,"column":0},"end":{"line":14,"column":0}},"14":{"start":{"line":15,"column":0},"end":{"line":15,"column":7}},"15":{"start":{"line":16,"column":0},"end":{"line":16,"column":6}},"16":{"start":{"line":17,"column":0},"end":{"line":17,"column":52}},"17":{"start":{"line":18,"column":0},"end":{"line":18,"column":38}},"18":{"start":{"line":19,"column":0},"end":{"line":19,"column":37}},"19":{"start":{"line":20,"column":0},"end":{"line":20,"column":21}},"20":{"start":{"line":21,"column":0},"end":{"line":21,"column":17}},"21":{"start":{"line":22,"column":0},"end":{"line":22,"column":19}},"22":{"start":{"line":23,"column":0},"end":{"line":23,"column":1}},"23":{"start":{"line":24,"column":0},"end":{"line":24,"column":8}}},"s":{"0":0,"1":0,"2":0,"3":0,"4":0,"5":0,"6":0,"7":0,"8":0,"9":0,"10":0,"11":0,"12":0,"13":0,"14":0,"15":0,"16":0,"17":0,"18":0,"19":0,"20":0,"21":0,"22":0,"23":0},"branchMap":{"0":{"type":"branch","line":1,"loc":{"start":{"line":1,"column":0},"end":{"line":24,"column":8}},"locations":[{"start":{"line":1,"column":0},"end":{"line":24,"column":8}}]}},"b":{"0":[0]},"fnMap":{"0":{"name":"(empty-report)","decl":{"start":{"line":1,"column":0},"end":{"line":24,"column":8}},"loc":{"start":{"line":1,"column":0},"end":{"line":24,"column":8}},"line":1}},"f":{"0":0}}
,"C:\\Users\\Terer\\Desktop\\UNIVERSITY\\AN 2\\SEMESTRUL 4\\MPP (Systems for Design and Implementations)\\HarmonicArchive\\HarmonicArchive\\src\\eventBus.js": {"path":"C:\\Users\\Terer\\Desktop\\UNIVERSITY\\AN 2\\SEMESTRUL 4\\MPP (Systems for Design and Implementations)\\HarmonicArchive\\HarmonicArchive\\src\\eventBus.js","all":true,"statementMap":{"0":{"start":{"line":1,"column":0},"end":{"line":1,"column":24}},"1":{"start":{"line":2,"column":0},"end":{"line":2,"column":0}},"2":{"start":{"line":3,"column":0},"end":{"line":3,"column":23}},"3":{"start":{"line":4,"column":0},"end":{"line":4,"column":23}}},"s":{"0":0,"1":0,"2":0,"3":0},"branchMap":{"0":{"type":"branch","line":1,"loc":{"start":{"line":1,"column":0},"end":{"line":4,"column":23}},"locations":[{"start":{"line":1,"column":0},"end":{"line":4,"column":23}}]}},"b":{"0":[0]},"fnMap":{"0":{"name":"(empty-report)","decl":{"start":{"line":1,"column":0},"end":{"line":4,"column":23}},"loc":{"start":{"line":1,"column":0},"end":{"line":4,"column":23}},"line":1}},"f":{"0":0}}
,"C:\\Users\\Terer\\Desktop\\UNIVERSITY\\AN 2\\SEMESTRUL 4\\MPP (Systems for Design and Implementations)\\HarmonicArchive\\HarmonicArchive\\src\\router.js": {"path":"C:\\Users\\Terer\\Desktop\\UNIVERSITY\\AN 2\\SEMESTRUL 4\\MPP (Systems for Design and Implementations)\\HarmonicArchive\\HarmonicArchive\\src\\router.js","all":true,"statementMap":{"0":{"start":{"line":1,"column":0},"end":{"line":1,"column":160}},"1":{"start":{"line":2,"column":0},"end":{"line":2,"column":60}},"2":{"start":{"line":3,"column":0},"end":{"line":3,"column":36}},"3":{"start":{"line":4,"column":0},"end":{"line":4,"column":40}},"4":{"start":{"line":5,"column":0},"end":{"line":5,"column":36}},"5":{"start":{"line":6,"column":0},"end":{"line":6,"column":61}},"6":{"start":{"line":7,"column":0},"end":{"line":7,"column":0}},"7":{"start":{"line":8,"column":0},"end":{"line":8,"column":16}},"8":{"start":{"line":9,"column":0},"end":{"line":9,"column":33}},"9":{"start":{"line":10,"column":0},"end":{"line":10,"column":41}},"10":{"start":{"line":11,"column":0},"end":{"line":11,"column":37}},"11":{"start":{"line":12,"column":0},"end":{"line":12,"column":2}},"12":{"start":{"line":13,"column":0},"end":{"line":13,"column":0}},"13":{"start":{"line":14,"column":0},"end":{"line":14,"column":29}},"14":{"start":{"line":15,"column":0},"end":{"line":15,"column":30}},"15":{"start":{"line":16,"column":0},"end":{"line":16,"column":9}},"16":{"start":{"line":17,"column":0},"end":{"line":17,"column":3}},"17":{"start":{"line":18,"column":0},"end":{"line":18,"column":0}},"18":{"start":{"line":19,"column":0},"end":{"line":19,"column":22}}},"s":{"0":0,"1":0,"2":0,"3":0,"4":0,"5":0,"6":0,"7":0,"8":0,"9":0,"10":0,"11":0,"12":0,"13":0,"14":0,"15":0,"16":0,"17":0,"18":0},"branchMap":{"0":{"type":"branch","line":1,"loc":{"start":{"line":1,"column":0},"end":{"line":19,"column":22}},"locations":[{"start":{"line":1,"column":0},"end":{"line":19,"column":22}}]}},"b":{"0":[0]},"fnMap":{"0":{"name":"(empty-report)","decl":{"start":{"line":1,"column":0},"end":{"line":19,"column":22}},"loc":{"start":{"line":1,"column":0},"end":{"line":19,"column":22}},"line":1}},"f":{"0":0}}
,"C:\\Users\\Terer\\Desktop\\UNIVERSITY\\AN 2\\SEMESTRUL 4\\MPP (Systems for Design and Implementations)\\HarmonicArchive\\HarmonicArchive\\src\\sharedState.js": {"path":"C:\\Users\\Terer\\Desktop\\UNIVERSITY\\AN 2\\SEMESTRUL 4\\MPP (Systems for Design and Implementations)\\HarmonicArchive\\HarmonicArchive\\src\\sharedState.js","all":true,"statementMap":{"0":{"start":{"line":1,"column":0},"end":{"line":1,"column":17}},"1":{"start":{"line":2,"column":0},"end":{"line":2,"column":31}},"2":{"start":{"line":3,"column":0},"end":{"line":3,"column":0}},"3":{"start":{"line":4,"column":0},"end":{"line":4,"column":31}},"4":{"start":{"line":5,"column":0},"end":{"line":5,"column":16}},"5":{"start":{"line":6,"column":0},"end":{"line":6,"column":4}},"6":{"start":{"line":7,"column":0},"end":{"line":7,"column":71}},"7":{"start":{"line":8,"column":0},"end":{"line":8,"column":3}}},"s":{"0":0,"1":0,"2":0,"3":0,"4":0,"5":0,"6":0,"7":0},"branchMap":{"0":{"type":"branch","line":1,"loc":{"start":{"line":1,"column":0},"end":{"line":8,"column":3}},"locations":[{"start":{"line":1,"column":0},"end":{"line":8,"column":3}}]}},"b":{"0":[0]},"fnMap":{"0":{"name":"(empty-report)","decl":{"start":{"line":1,"column":0},"end":{"line":8,"column":3}},"loc":{"start":{"line":1,"column":0},"end":{"line":8,"column":3}},"line":1}},"f":{"0":0}}
,"C:\\Users\\Terer\\Desktop\\UNIVERSITY\\AN 2\\SEMESTRUL 4\\MPP (Systems for Design and Implementations)\\HarmonicArchive\\HarmonicArchive\\src\\components\\Dashboard.vue": {"path":"C:\\Users\\Terer\\Desktop\\UNIVERSITY\\AN 2\\SEMESTRUL 4\\MPP (Systems for Design and Implementations)\\HarmonicArchive\\HarmonicArchive\\src\\components\\Dashboard.vue","all":false,"statementMap":{"0":{"start":{"line":1,"column":0},"end":{"line":1,"column":10}},"1":{"start":{"line":2,"column":0},"end":{"line":2,"column":29}},"2":{"start":{"line":3,"column":0},"end":{"line":3,"column":30}},"3":{"start":{"line":4,"column":0},"end":{"line":4,"column":12}},"4":{"start":{"line":5,"column":0},"end":{"line":5,"column":22}},"5":{"start":{"line":6,"column":0},"end":{"line":6,"column":32}},"6":{"start":{"line":7,"column":0},"end":{"line":7,"column":38}},"7":{"start":{"line":8,"column":0},"end":{"line":8,"column":48}},"8":{"start":{"line":9,"column":0},"end":{"line":9,"column":32}},"9":{"start":{"line":10,"column":0},"end":{"line":10,"column":42}},"10":{"start":{"line":11,"column":0},"end":{"line":11,"column":34}},"11":{"start":{"line":12,"column":0},"end":{"line":12,"column":6}},"13":{"start":{"line":14,"column":0},"end":{"line":14,"column":25}},"14":{"start":{"line":15,"column":0},"end":{"line":15,"column":30}},"15":{"start":{"line":16,"column":0},"end":{"line":16,"column":31}},"16":{"start":{"line":17,"column":0},"end":{"line":17,"column":13}},"17":{"start":{"line":18,"column":0},"end":{"line":18,"column":41}},"18":{"start":{"line":19,"column":0},"end":{"line":19,"column":29}},"19":{"start":{"line":20,"column":0},"end":{"line":20,"column":34}},"20":{"start":{"line":21,"column":0},"end":{"line":21,"column":8}},"22":{"start":{"line":23,"column":0},"end":{"line":23,"column":44}},"23":{"start":{"line":24,"column":0},"end":{"line":24,"column":21}},"24":{"start":{"line":25,"column":0},"end":{"line":25,"column":24}},"25":{"start":{"line":26,"column":0},"end":{"line":26,"column":30}},"26":{"start":{"line":27,"column":0},"end":{"line":27,"column":34}},"27":{"start":{"line":28,"column":0},"end":{"line":28,"column":32}},"28":{"start":{"line":29,"column":0},"end":{"line":29,"column":36}},"29":{"start":{"line":30,"column":0},"end":{"line":30,"column":26}},"30":{"start":{"line":31,"column":0},"end":{"line":31,"column":28}},"31":{"start":{"line":32,"column":0},"end":{"line":32,"column":48}},"32":{"start":{"line":33,"column":0},"end":{"line":33,"column":36}},"33":{"start":{"line":34,"column":0},"end":{"line":34,"column":36}},"34":{"start":{"line":35,"column":0},"end":{"line":35,"column":8}},"36":{"start":{"line":37,"column":0},"end":{"line":37,"column":35}},"37":{"start":{"line":38,"column":0},"end":{"line":38,"column":16}},"38":{"start":{"line":39,"column":0},"end":{"line":39,"column":36}},"39":{"start":{"line":40,"column":0},"end":{"line":40,"column":28}},"40":{"start":{"line":41,"column":0},"end":{"line":41,"column":8}},"42":{"start":{"line":43,"column":0},"end":{"line":43,"column":28}},"43":{"start":{"line":44,"column":0},"end":{"line":44,"column":32}},"44":{"start":{"line":45,"column":0},"end":{"line":45,"column":70}},"46":{"start":{"line":47,"column":0},"end":{"line":47,"column":17}},"47":{"start":{"line":48,"column":0},"end":{"line":48,"column":20}},"48":{"start":{"line":49,"column":0},"end":{"line":49,"column":10}},"49":{"start":{"line":50,"column":0},"end":{"line":50,"column":8}},"53":{"start":{"line":54,"column":0},"end":{"line":54,"column":36}},"54":{"start":{"line":55,"column":0},"end":{"line":55,"column":34}},"55":{"start":{"line":56,"column":0},"end":{"line":56,"column":50}},"56":{"start":{"line":57,"column":0},"end":{"line":57,"column":40}},"57":{"start":{"line":58,"column":0},"end":{"line":58,"column":39}},"59":{"start":{"line":60,"column":0},"end":{"line":60,"column":16}},"60":{"start":{"line":61,"column":0},"end":{"line":61,"column":15}},"61":{"start":{"line":62,"column":0},"end":{"line":62,"column":12}},"62":{"start":{"line":63,"column":0},"end":{"line":63,"column":11}},"63":{"start":{"line":64,"column":0},"end":{"line":64,"column":19}},"64":{"start":{"line":65,"column":0},"end":{"line":65,"column":14}},"65":{"start":{"line":66,"column":0},"end":{"line":66,"column":4}},"66":{"start":{"line":67,"column":0},"end":{"line":67,"column":10}},"67":{"start":{"line":68,"column":0},"end":{"line":68,"column":12}},"68":{"start":{"line":69,"column":0},"end":{"line":69,"column":25}},"69":{"start":{"line":70,"column":0},"end":{"line":70,"column":30}},"70":{"start":{"line":71,"column":0},"end":{"line":71,"column":22}},"71":{"start":{"line":72,"column":0},"end":{"line":72,"column":22}},"72":{"start":{"line":73,"column":0},"end":{"line":73,"column":23}},"73":{"start":{"line":74,"column":0},"end":{"line":74,"column":21}},"74":{"start":{"line":75,"column":0},"end":{"line":75,"column":22}},"75":{"start":{"line":76,"column":0},"end":{"line":76,"column":19}},"76":{"start":{"line":77,"column":0},"end":{"line":77,"column":26}},"77":{"start":{"line":78,"column":0},"end":{"line":78,"column":43}},"78":{"start":{"line":79,"column":0},"end":{"line":79,"column":48}},"79":{"start":{"line":80,"column":0},"end":{"line":80,"column":37}},"80":{"start":{"line":81,"column":0},"end":{"line":81,"column":6}},"81":{"start":{"line":82,"column":0},"end":{"line":82,"column":4}},"82":{"start":{"line":83,"column":0},"end":{"line":83,"column":13}},"83":{"start":{"line":84,"column":0},"end":{"line":84,"column":21}},"84":{"start":{"line":85,"column":0},"end":{"line":85,"column":36}},"85":{"start":{"line":86,"column":0},"end":{"line":86,"column":53}},"86":{"start":{"line":87,"column":0},"end":{"line":87,"column":55}},"87":{"start":{"line":88,"column":0},"end":{"line":88,"column":76}},"88":{"start":{"line":89,"column":0},"end":{"line":89,"column":17}},"89":{"start":{"line":90,"column":0},"end":{"line":90,"column":65}},"90":{"start":{"line":91,"column":0},"end":{"line":91,"column":57}},"91":{"start":{"line":92,"column":0},"end":{"line":92,"column":51}},"92":{"start":{"line":93,"column":0},"end":{"line":93,"column":13}},"93":{"start":{"line":94,"column":0},"end":{"line":94,"column":17}},"94":{"start":{"line":95,"column":0},"end":{"line":95,"column":46}},"95":{"start":{"line":96,"column":0},"end":{"line":96,"column":80}},"96":{"start":{"line":97,"column":0},"end":{"line":97,"column":80}},"97":{"start":{"line":98,"column":0},"end":{"line":98,"column":17}},"98":{"start":{"line":99,"column":0},"end":{"line":99,"column":66}},"99":{"start":{"line":100,"column":0},"end":{"line":100,"column":9}},"101":{"start":{"line":102,"column":0},"end":{"line":102,"column":24}},"102":{"start":{"line":103,"column":0},"end":{"line":103,"column":38}},"103":{"start":{"line":104,"column":0},"end":{"line":104,"column":25}},"104":{"start":{"line":105,"column":0},"end":{"line":105,"column":59}},"105":{"start":{"line":106,"column":0},"end":{"line":106,"column":63}},"106":{"start":{"line":107,"column":0},"end":{"line":107,"column":61}},"107":{"start":{"line":108,"column":0},"end":{"line":108,"column":11}},"108":{"start":{"line":109,"column":0},"end":{"line":109,"column":7}},"110":{"start":{"line":111,"column":0},"end":{"line":111,"column":25}},"111":{"start":{"line":112,"column":0},"end":{"line":112,"column":51}},"112":{"start":{"line":113,"column":0},"end":{"line":113,"column":44}},"113":{"start":{"line":114,"column":0},"end":{"line":114,"column":8}},"114":{"start":{"line":115,"column":0},"end":{"line":115,"column":6}},"115":{"start":{"line":116,"column":0},"end":{"line":116,"column":18}},"116":{"start":{"line":117,"column":0},"end":{"line":117,"column":68}},"117":{"start":{"line":118,"column":0},"end":{"line":118,"column":6}},"118":{"start":{"line":119,"column":0},"end":{"line":119,"column":4}},"119":{"start":{"line":120,"column":0},"end":{"line":120,"column":12}},"120":{"start":{"line":121,"column":0},"end":{"line":121,"column":19}},"121":{"start":{"line":122,"column":0},"end":{"line":122,"column":27}},"122":{"start":{"line":123,"column":0},"end":{"line":123,"column":6}},"123":{"start":{"line":124,"column":0},"end":{"line":124,"column":19}},"124":{"start":{"line":125,"column":0},"end":{"line":125,"column":28}},"125":{"start":{"line":126,"column":0},"end":{"line":126,"column":31}},"126":{"start":{"line":127,"column":0},"end":{"line":127,"column":36}},"127":{"start":{"line":128,"column":0},"end":{"line":128,"column":27}},"128":{"start":{"line":129,"column":0},"end":{"line":129,"column":6}},"129":{"start":{"line":130,"column":0},"end":{"line":130,"column":24}},"130":{"start":{"line":131,"column":0},"end":{"line":131,"column":48}},"131":{"start":{"line":132,"column":0},"end":{"line":132,"column":83}},"132":{"start":{"line":133,"column":0},"end":{"line":133,"column":14}},"133":{"start":{"line":134,"column":0},"end":{"line":134,"column":40}},"134":{"start":{"line":135,"column":0},"end":{"line":135,"column":7}},"135":{"start":{"line":136,"column":0},"end":{"line":136,"column":6}},"136":{"start":{"line":137,"column":0},"end":{"line":137,"column":34}},"137":{"start":{"line":138,"column":0},"end":{"line":138,"column":58}},"138":{"start":{"line":139,"column":0},"end":{"line":139,"column":67}},"139":{"start":{"line":140,"column":0},"end":{"line":140,"column":39}},"140":{"start":{"line":141,"column":0},"end":{"line":141,"column":10}},"141":{"start":{"line":142,"column":0},"end":{"line":142,"column":14}},"142":{"start":{"line":143,"column":0},"end":{"line":143,"column":50}},"143":{"start":{"line":144,"column":0},"end":{"line":144,"column":7}},"144":{"start":{"line":145,"column":0},"end":{"line":145,"column":6}},"145":{"start":{"line":146,"column":0},"end":{"line":146,"column":20}},"146":{"start":{"line":147,"column":0},"end":{"line":147,"column":31}},"147":{"start":{"line":148,"column":0},"end":{"line":148,"column":36}},"148":{"start":{"line":149,"column":0},"end":{"line":149,"column":6}},"149":{"start":{"line":150,"column":0},"end":{"line":150,"column":21}},"150":{"start":{"line":151,"column":0},"end":{"line":151,"column":35}},"151":{"start":{"line":152,"column":0},"end":{"line":152,"column":67}},"152":{"start":{"line":153,"column":0},"end":{"line":153,"column":14}},"153":{"start":{"line":154,"column":0},"end":{"line":154,"column":29}},"154":{"start":{"line":155,"column":0},"end":{"line":155,"column":31}},"155":{"start":{"line":156,"column":0},"end":{"line":156,"column":7}},"156":{"start":{"line":157,"column":0},"end":{"line":157,"column":6}},"157":{"start":{"line":158,"column":0},"end":{"line":158,"column":20}},"158":{"start":{"line":159,"column":0},"end":{"line":159,"column":49}},"159":{"start":{"line":160,"column":0},"end":{"line":160,"column":32}},"160":{"start":{"line":161,"column":0},"end":{"line":161,"column":7}},"161":{"start":{"line":162,"column":0},"end":{"line":162,"column":6}},"162":{"start":{"line":163,"column":0},"end":{"line":163,"column":38}},"163":{"start":{"line":164,"column":0},"end":{"line":164,"column":39}},"164":{"start":{"line":165,"column":0},"end":{"line":165,"column":27}},"165":{"start":{"line":166,"column":0},"end":{"line":166,"column":6}},"166":{"start":{"line":167,"column":0},"end":{"line":167,"column":20}},"167":{"start":{"line":168,"column":0},"end":{"line":168,"column":30}},"168":{"start":{"line":169,"column":0},"end":{"line":169,"column":26}},"169":{"start":{"line":170,"column":0},"end":{"line":170,"column":34}},"170":{"start":{"line":171,"column":0},"end":{"line":171,"column":29}},"171":{"start":{"line":172,"column":0},"end":{"line":172,"column":44}},"172":{"start":{"line":173,"column":0},"end":{"line":173,"column":9}},"173":{"start":{"line":174,"column":0},"end":{"line":174,"column":34}},"174":{"start":{"line":175,"column":0},"end":{"line":175,"column":14}},"175":{"start":{"line":176,"column":0},"end":{"line":176,"column":28}},"176":{"start":{"line":177,"column":0},"end":{"line":177,"column":69}},"177":{"start":{"line":178,"column":0},"end":{"line":178,"column":44}},"178":{"start":{"line":179,"column":0},"end":{"line":179,"column":35}},"179":{"start":{"line":180,"column":0},"end":{"line":180,"column":81}},"180":{"start":{"line":181,"column":0},"end":{"line":181,"column":65}},"181":{"start":{"line":182,"column":0},"end":{"line":182,"column":12}},"183":{"start":{"line":184,"column":0},"end":{"line":184,"column":32}},"184":{"start":{"line":185,"column":0},"end":{"line":185,"column":40}},"185":{"start":{"line":186,"column":0},"end":{"line":186,"column":46}},"186":{"start":{"line":187,"column":0},"end":{"line":187,"column":12}},"188":{"start":{"line":189,"column":0},"end":{"line":189,"column":54}},"189":{"start":{"line":190,"column":0},"end":{"line":190,"column":42}},"190":{"start":{"line":191,"column":0},"end":{"line":191,"column":69}},"191":{"start":{"line":192,"column":0},"end":{"line":192,"column":36}},"192":{"start":{"line":193,"column":0},"end":{"line":193,"column":45}},"193":{"start":{"line":194,"column":0},"end":{"line":194,"column":13}},"194":{"start":{"line":195,"column":0},"end":{"line":195,"column":12}},"195":{"start":{"line":196,"column":0},"end":{"line":196,"column":35}},"196":{"start":{"line":197,"column":0},"end":{"line":197,"column":9}},"197":{"start":{"line":198,"column":0},"end":{"line":198,"column":7}},"198":{"start":{"line":199,"column":0},"end":{"line":199,"column":6}},"199":{"start":{"line":200,"column":0},"end":{"line":200,"column":20}},"200":{"start":{"line":201,"column":0},"end":{"line":201,"column":38}},"201":{"start":{"line":202,"column":0},"end":{"line":202,"column":33}},"202":{"start":{"line":203,"column":0},"end":{"line":203,"column":6}},"203":{"start":{"line":204,"column":0},"end":{"line":204,"column":4}},"204":{"start":{"line":205,"column":0},"end":{"line":205,"column":2}}},"s":{"0":0,"1":0,"2":0,"3":0,"4":0,"5":0,"6":0,"7":0,"8":0,"9":0,"10":0,"11":0,"13":0,"14":0,"15":0,"16":0,"17":0,"18":1,"19":1,"20":1,"22":1,"23":1,"24":1,"25":1,"26":1,"27":1,"28":1,"29":1,"30":1,"31":1,"32":1,"33":1,"34":1,"36":1,"37":1,"38":1,"39":1,"40":1,"42":1,"43":1,"44":1,"46":1,"47":1,"48":1,"49":1,"53":1,"54":1,"55":1,"56":1,"57":1,"59":1,"60":1,"61":1,"62":1,"63":1,"64":1,"65":1,"66":1,"67":5,"68":5,"69":5,"70":5,"71":5,"72":5,"73":5,"74":5,"75":5,"76":5,"77":5,"78":5,"79":5,"80":5,"81":1,"82":1,"83":1,"84":11,"85":11,"86":33,"87":33,"88":33,"89":33,"90":33,"91":6,"92":6,"93":33,"94":33,"95":33,"96":6,"97":33,"98":33,"99":11,"101":11,"102":11,"103":14,"104":14,"105":14,"106":14,"107":11,"108":11,"110":11,"111":11,"112":11,"113":11,"114":1,"115":1,"116":5,"117":1,"118":1,"119":1,"120":1,"121":0,"122":1,"123":1,"124":0,"125":0,"126":0,"127":0,"128":1,"129":1,"130":0,"131":0,"132":0,"133":0,"134":0,"135":1,"136":1,"137":0,"138":0,"139":0,"140":0,"141":0,"142":0,"143":0,"144":1,"145":1,"146":0,"147":0,"148":1,"149":1,"150":2,"151":2,"152":2,"153":0,"154":0,"155":0,"156":1,"157":1,"158":0,"159":0,"160":0,"161":1,"162":1,"163":0,"164":0,"165":1,"166":1,"167":0,"168":0,"169":0,"170":0,"171":0,"172":0,"173":0,"174":0,"175":0,"176":0,"177":0,"178":0,"179":0,"180":0,"181":0,"183":0,"184":0,"185":0,"186":0,"188":0,"189":0,"190":0,"191":0,"192":0,"193":0,"194":0,"195":0,"196":0,"197":0,"198":1,"199":1,"200":0,"201":0,"202":1,"203":1,"204":1},"branchMap":{"0":{"type":"branch","line":67,"loc":{"start":{"line":67,"column":2},"end":{"line":82,"column":3}},"locations":[{"start":{"line":67,"column":2},"end":{"line":82,"column":3}}]},"1":{"type":"branch","line":84,"loc":{"start":{"line":84,"column":4},"end":{"line":115,"column":5}},"locations":[{"start":{"line":84,"column":4},"end":{"line":115,"column":5}}]},"2":{"type":"branch","line":86,"loc":{"start":{"line":86,"column":42},"end":{"line":100,"column":7}},"locations":[{"start":{"line":86,"column":42},"end":{"line":100,"column":7}}]},"3":{"type":"branch","line":88,"loc":{"start":{"line":88,"column":10},"end":{"line":88,"column":76}},"locations":[{"start":{"line":88,"column":10},"end":{"line":88,"column":76}}]},"4":{"type":"branch","line":89,"loc":{"start":{"line":89,"column":10},"end":{"line":89,"column":16}},"locations":[{"start":{"line":89,"column":10},"end":{"line":89,"column":16}}]},"5":{"type":"branch","line":91,"loc":{"start":{"line":91,"column":10},"end":{"line":93,"column":13}},"locations":[{"start":{"line":91,"column":10},"end":{"line":93,"column":13}}]},"6":{"type":"branch","line":94,"loc":{"start":{"line":94,"column":10},"end":{"line":94,"column":16}},"locations":[{"start":{"line":94,"column":10},"end":{"line":94,"column":16}}]},"7":{"type":"branch","line":96,"loc":{"start":{"line":96,"column":10},"end":{"line":97,"column":80}},"locations":[{"start":{"line":96,"column":10},"end":{"line":97,"column":80}}]},"8":{"type":"branch","line":98,"loc":{"start":{"line":98,"column":10},"end":{"line":98,"column":16}},"locations":[{"start":{"line":98,"column":10},"end":{"line":98,"column":16}}]},"9":{"type":"branch","line":99,"loc":{"start":{"line":99,"column":28},"end":{"line":99,"column":47}},"locations":[{"start":{"line":99,"column":28},"end":{"line":99,"column":47}}]},"10":{"type":"branch","line":99,"loc":{"start":{"line":99,"column":49},"end":{"line":99,"column":65}},"locations":[{"start":{"line":99,"column":49},"end":{"line":99,"column":65}}]},"11":{"type":"branch","line":88,"loc":{"start":{"line":88,"column":37},"end":{"line":88,"column":75}},"locations":[{"start":{"line":88,"column":37},"end":{"line":88,"column":75}}]},"12":{"type":"branch","line":91,"loc":{"start":{"line":91,"column":42},"end":{"line":92,"column":51}},"locations":[{"start":{"line":91,"column":42},"end":{"line":92,"column":51}}]},"13":{"type":"branch","line":103,"loc":{"start":{"line":103,"column":27},"end":{"line":108,"column":9}},"locations":[{"start":{"line":103,"column":27},"end":{"line":108,"column":9}}]},"14":{"type":"branch","line":105,"loc":{"start":{"line":105,"column":47},"end":{"line":105,"column":59}},"locations":[{"start":{"line":105,"column":47},"end":{"line":105,"column":59}}]},"15":{"type":"branch","line":107,"loc":{"start":{"line":107,"column":42},"end":{"line":107,"column":49}},"locations":[{"start":{"line":107,"column":42},"end":{"line":107,"column":49}}]},"16":{"type":"branch","line":107,"loc":{"start":{"line":107,"column":51},"end":{"line":107,"column":60}},"locations":[{"start":{"line":107,"column":51},"end":{"line":107,"column":60}}]},"17":{"type":"branch","line":116,"loc":{"start":{"line":116,"column":4},"end":{"line":118,"column":5}},"locations":[{"start":{"line":116,"column":4},"end":{"line":118,"column":5}}]},"18":{"type":"branch","line":150,"loc":{"start":{"line":150,"column":4},"end":{"line":157,"column":5}},"locations":[{"start":{"line":150,"column":4},"end":{"line":157,"column":5}}]},"19":{"type":"branch","line":152,"loc":{"start":{"line":152,"column":50},"end":{"line":152,"column":59}},"locations":[{"start":{"line":152,"column":50},"end":{"line":152,"column":59}}]},"20":{"type":"branch","line":152,"loc":{"start":{"line":152,"column":59},"end":{"line":152,"column":66}},"locations":[{"start":{"line":152,"column":59},"end":{"line":152,"column":66}}]},"21":{"type":"branch","line":153,"loc":{"start":{"line":153,"column":6},"end":{"line":156,"column":7}},"locations":[{"start":{"line":153,"column":6},"end":{"line":156,"column":7}}]},"22":{"type":"branch","line":1,"loc":{"start":{"line":1,"column":0},"end":{"line":18,"column":41}},"locations":[{"start":{"line":1,"column":0},"end":{"line":18,"column":41}}]}},"b":{"0":[5],"1":[11],"2":[33],"3":[6],"4":[27],"5":[6],"6":[27],"7":[6],"8":[27],"9":[29],"10":[27],"11":[6],"12":[6],"13":[14],"14":[0],"15":[12],"16":[2],"17":[5],"18":[2],"19":[1],"20":[1],"21":[0],"22":[5]},"fnMap":{"0":{"name":"data","decl":{"start":{"line":67,"column":2},"end":{"line":82,"column":3}},"loc":{"start":{"line":67,"column":2},"end":{"line":82,"column":3}},"line":67},"1":{"name":"filteredItems","decl":{"start":{"line":84,"column":4},"end":{"line":115,"column":5}},"loc":{"start":{"line":84,"column":4},"end":{"line":115,"column":5}},"line":84},"2":{"name":"totalPages","decl":{"start":{"line":116,"column":4},"end":{"line":118,"column":5}},"loc":{"start":{"line":116,"column":4},"end":{"line":118,"column":5}},"line":116},"3":{"name":"searchItems","decl":{"start":{"line":121,"column":4},"end":{"line":123,"column":5}},"loc":{"start":{"line":121,"column":4},"end":{"line":123,"column":5}},"line":121},"4":{"name":"clearSearch","decl":{"start":{"line":124,"column":4},"end":{"line":129,"column":5}},"loc":{"start":{"line":124,"column":4},"end":{"line":129,"column":5}},"line":124},"5":{"name":"toggleGenre","decl":{"start":{"line":130,"column":4},"end":{"line":136,"column":5}},"loc":{"start":{"line":130,"column":4},"end":{"line":136,"column":5}},"line":130},"6":{"name":"toggleInstrument","decl":{"start":{"line":137,"column":4},"end":{"line":145,"column":5}},"loc":{"start":{"line":137,"column":4},"end":{"line":145,"column":5}},"line":137},"7":{"name":"clearFilters","decl":{"start":{"line":146,"column":4},"end":{"line":149,"column":5}},"loc":{"start":{"line":146,"column":4},"end":{"line":149,"column":5}},"line":146},"8":{"name":"setSort","decl":{"start":{"line":150,"column":4},"end":{"line":157,"column":5}},"loc":{"start":{"line":150,"column":4},"end":{"line":157,"column":5}},"line":150},"9":{"name":"goToPage","decl":{"start":{"line":158,"column":4},"end":{"line":162,"column":5}},"loc":{"start":{"line":158,"column":4},"end":{"line":162,"column":5}},"line":158},"10":{"name":"changeItemsPerPage","decl":{"start":{"line":163,"column":4},"end":{"line":166,"column":5}},"loc":{"start":{"line":163,"column":4},"end":{"line":166,"column":5}},"line":163},"11":{"name":"toggleWorker","decl":{"start":{"line":167,"column":4},"end":{"line":199,"column":5}},"loc":{"start":{"line":167,"column":4},"end":{"line":199,"column":5}},"line":167},"12":{"name":"openItem","decl":{"start":{"line":200,"column":4},"end":{"line":203,"column":5}},"loc":{"start":{"line":200,"column":4},"end":{"line":203,"column":5}},"line":200},"13":{"name":"onUpdate:searchQuery._cache.<computed>._cache.<computed>","decl":{"start":{"line":1,"column":0},"end":{"line":18,"column":41}},"loc":{"start":{"line":1,"column":0},"end":{"line":18,"column":41}},"line":1}},"f":{"0":5,"1":11,"2":5,"3":0,"4":0,"5":0,"6":0,"7":0,"8":2,"9":0,"10":0,"11":0,"12":0,"13":0}}
,"C:\\Users\\Terer\\Desktop\\UNIVERSITY\\AN 2\\SEMESTRUL 4\\MPP (Systems for Design and Implementations)\\HarmonicArchive\\HarmonicArchive\\src\\components\\Header.vue": {"path":"C:\\Users\\Terer\\Desktop\\UNIVERSITY\\AN 2\\SEMESTRUL 4\\MPP (Systems for Design and Implementations)\\HarmonicArchive\\HarmonicArchive\\src\\components\\Header.vue","all":false,"statementMap":{"0":{"start":{"line":1,"column":0},"end":{"line":1,"column":10}},"1":{"start":{"line":2,"column":0},"end":{"line":2,"column":24}},"2":{"start":{"line":3,"column":0},"end":{"line":3,"column":34}},"3":{"start":{"line":4,"column":0},"end":{"line":4,"column":51}},"4":{"start":{"line":5,"column":0},"end":{"line":5,"column":38}},"5":{"start":{"line":6,"column":0},"end":{"line":6,"column":16}},"6":{"start":{"line":7,"column":0},"end":{"line":7,"column":32}},"7":{"start":{"line":8,"column":0},"end":{"line":8,"column":69}},"8":{"start":{"line":9,"column":0},"end":{"line":9,"column":23}},"9":{"start":{"line":10,"column":0},"end":{"line":10,"column":53}},"10":{"start":{"line":11,"column":0},"end":{"line":11,"column":32}},"11":{"start":{"line":12,"column":0},"end":{"line":12,"column":12}},"12":{"start":{"line":13,"column":0},"end":{"line":13,"column":83}},"13":{"start":{"line":14,"column":0},"end":{"line":14,"column":14}},"14":{"start":{"line":15,"column":0},"end":{"line":15,"column":12}},"15":{"start":{"line":16,"column":0},"end":{"line":16,"column":10}},"19":{"start":{"line":20,"column":0},"end":{"line":20,"column":18}},"20":{"start":{"line":21,"column":0},"end":{"line":21,"column":12}},"21":{"start":{"line":22,"column":0},"end":{"line":22,"column":26}},"22":{"start":{"line":23,"column":0},"end":{"line":23,"column":6}},"23":{"start":{"line":24,"column":0},"end":{"line":24,"column":4}}},"s":{"0":1,"1":1,"2":1,"3":1,"4":1,"5":1,"6":1,"7":1,"8":1,"9":1,"10":1,"11":1,"12":1,"13":1,"14":1,"15":1,"19":1,"20":1,"21":1,"22":1,"23":1},"branchMap":{},"b":{},"fnMap":{},"f":{}}
,"C:\\Users\\Terer\\Desktop\\UNIVERSITY\\AN 2\\SEMESTRUL 4\\MPP (Systems for Design and Implementations)\\HarmonicArchive\\HarmonicArchive\\src\\components\\MusicGrid.vue": {"path":"C:\\Users\\Terer\\Desktop\\UNIVERSITY\\AN 2\\SEMESTRUL 4\\MPP (Systems for Design and Implementations)\\HarmonicArchive\\HarmonicArchive\\src\\components\\MusicGrid.vue","all":false,"statementMap":{"0":{"start":{"line":1,"column":0},"end":{"line":1,"column":10}},"1":{"start":{"line":2,"column":0},"end":{"line":2,"column":28}},"2":{"start":{"line":3,"column":0},"end":{"line":3,"column":10}},"3":{"start":{"line":4,"column":0},"end":{"line":4,"column":50}},"4":{"start":{"line":5,"column":0},"end":{"line":5,"column":28}},"5":{"start":{"line":6,"column":0},"end":{"line":6,"column":26}},"6":{"start":{"line":7,"column":0},"end":{"line":7,"column":46}},"8":{"start":{"line":9,"column":0},"end":{"line":9,"column":31}},"9":{"start":{"line":10,"column":0},"end":{"line":10,"column":41}},"10":{"start":{"line":11,"column":0},"end":{"line":11,"column":69}},"11":{"start":{"line":12,"column":0},"end":{"line":12,"column":76}},"12":{"start":{"line":13,"column":0},"end":{"line":13,"column":13}},"13":{"start":{"line":14,"column":0},"end":{"line":14,"column":17}},"14":{"start":{"line":15,"column":0},"end":{"line":15,"column":30}},"15":{"start":{"line":16,"column":0},"end":{"line":16,"column":73}},"16":{"start":{"line":17,"column":0},"end":{"line":17,"column":20}},"17":{"start":{"line":18,"column":0},"end":{"line":18,"column":56}},"18":{"start":{"line":19,"column":0},"end":{"line":19,"column":14}},"19":{"start":{"line":20,"column":0},"end":{"line":20,"column":14}},"20":{"start":{"line":21,"column":0},"end":{"line":21,"column":12}},"21":{"start":{"line":22,"column":0},"end":{"line":22,"column":10}},"25":{"start":{"line":26,"column":0},"end":{"line":26,"column":18}},"26":{"start":{"line":27,"column":0},"end":{"line":27,"column":12}},"27":{"start":{"line":28,"column":0},"end":{"line":28,"column":25}},"28":{"start":{"line":29,"column":0},"end":{"line":29,"column":6}},"29":{"start":{"line":30,"column":0},"end":{"line":30,"column":14}},"30":{"start":{"line":31,"column":0},"end":{"line":31,"column":26}},"31":{"start":{"line":32,"column":0},"end":{"line":32,"column":26}},"32":{"start":{"line":33,"column":0},"end":{"line":33,"column":26}},"33":{"start":{"line":34,"column":0},"end":{"line":34,"column":61}},"34":{"start":{"line":35,"column":0},"end":{"line":35,"column":26}},"35":{"start":{"line":36,"column":0},"end":{"line":36,"column":42}},"36":{"start":{"line":37,"column":0},"end":{"line":37,"column":25}},"37":{"start":{"line":38,"column":0},"end":{"line":38,"column":16}},"38":{"start":{"line":39,"column":0},"end":{"line":39,"column":23}},"39":{"start":{"line":40,"column":0},"end":{"line":40,"column":9}},"40":{"start":{"line":41,"column":0},"end":{"line":41,"column":8}},"41":{"start":{"line":42,"column":0},"end":{"line":42,"column":6}},"42":{"start":{"line":43,"column":0},"end":{"line":43,"column":4}}},"s":{"0":1,"1":1,"2":1,"3":1,"4":1,"5":1,"6":1,"8":1,"9":1,"10":1,"11":1,"12":1,"13":1,"14":1,"15":1,"16":1,"17":1,"18":1,"19":1,"20":1,"21":1,"25":1,"26":1,"27":1,"28":1,"29":1,"30":1,"31":0,"32":0,"33":0,"34":0,"35":0,"36":0,"37":0,"38":0,"39":0,"40":1,"41":1,"42":1},"branchMap":{},"b":{},"fnMap":{"0":{"name":"getYearColor","decl":{"start":{"line":31,"column":6},"end":{"line":41,"column":7}},"loc":{"start":{"line":31,"column":6},"end":{"line":41,"column":7}},"line":31}},"f":{"0":0}}
,"C:\\Users\\Terer\\Desktop\\UNIVERSITY\\AN 2\\SEMESTRUL 4\\MPP (Systems for Design and Implementations)\\HarmonicArchive\\HarmonicArchive\\src\\components\\MusicSheetsChart.vue": {"path":"C:\\Users\\Terer\\Desktop\\UNIVERSITY\\AN 2\\SEMESTRUL 4\\MPP (Systems for Design and Implementations)\\HarmonicArchive\\HarmonicArchive\\src\\components\\MusicSheetsChart.vue","all":false,"statementMap":{"1":{"start":{"line":2,"column":0},"end":{"line":2,"column":31}},"2":{"start":{"line":3,"column":0},"end":{"line":3,"column":53}},"3":{"start":{"line":4,"column":0},"end":{"line":4,"column":8}},"7":{"start":{"line":8,"column":0},"end":{"line":8,"column":34}},"8":{"start":{"line":9,"column":0},"end":{"line":9,"column":8}},"16":{"start":{"line":17,"column":0},"end":{"line":17,"column":18}},"17":{"start":{"line":18,"column":0},"end":{"line":18,"column":66}},"19":{"start":{"line":20,"column":0},"end":{"line":20,"column":17}},"20":{"start":{"line":21,"column":0},"end":{"line":21,"column":13}},"21":{"start":{"line":22,"column":0},"end":{"line":22,"column":16}},"22":{"start":{"line":23,"column":0},"end":{"line":23,"column":14}},"23":{"start":{"line":24,"column":0},"end":{"line":24,"column":8}},"24":{"start":{"line":25,"column":0},"end":{"line":25,"column":10}},"25":{"start":{"line":26,"column":0},"end":{"line":26,"column":8}},"26":{"start":{"line":27,"column":0},"end":{"line":27,"column":2}},"28":{"start":{"line":29,"column":0},"end":{"line":29,"column":16}},"29":{"start":{"line":30,"column":0},"end":{"line":30,"column":15}},"30":{"start":{"line":31,"column":0},"end":{"line":31,"column":8}},"31":{"start":{"line":32,"column":0},"end":{"line":32,"column":4}},"32":{"start":{"line":33,"column":0},"end":{"line":33,"column":13}},"33":{"start":{"line":34,"column":0},"end":{"line":34,"column":17}},"34":{"start":{"line":35,"column":0},"end":{"line":35,"column":30}},"36":{"start":{"line":37,"column":0},"end":{"line":37,"column":39}},"37":{"start":{"line":38,"column":0},"end":{"line":38,"column":44}},"38":{"start":{"line":39,"column":0},"end":{"line":39,"column":56}},"39":{"start":{"line":40,"column":0},"end":{"line":40,"column":35}},"40":{"start":{"line":41,"column":0},"end":{"line":41,"column":33}},"41":{"start":{"line":42,"column":0},"end":{"line":42,"column":16}},"42":{"start":{"line":43,"column":0},"end":{"line":43,"column":35}},"43":{"start":{"line":44,"column":0},"end":{"line":44,"column":9}},"44":{"start":{"line":45,"column":0},"end":{"line":45,"column":9}},"46":{"start":{"line":47,"column":0},"end":{"line":47,"column":46}},"47":{"start":{"line":48,"column":0},"end":{"line":48,"column":30}},"48":{"start":{"line":49,"column":0},"end":{"line":49,"column":39}},"49":{"start":{"line":50,"column":0},"end":{"line":50,"column":72}},"51":{"start":{"line":52,"column":0},"end":{"line":52,"column":14}},"52":{"start":{"line":53,"column":0},"end":{"line":53,"column":15}},"53":{"start":{"line":54,"column":0},"end":{"line":54,"column":19}},"54":{"start":{"line":55,"column":0},"end":{"line":55,"column":11}},"55":{"start":{"line":56,"column":0},"end":{"line":56,"column":34}},"56":{"start":{"line":57,"column":0},"end":{"line":57,"column":39}},"57":{"start":{"line":58,"column":0},"end":{"line":58,"column":17}},"58":{"start":{"line":59,"column":0},"end":{"line":59,"column":12}},"59":{"start":{"line":60,"column":0},"end":{"line":60,"column":10}},"60":{"start":{"line":61,"column":0},"end":{"line":61,"column":8}},"61":{"start":{"line":62,"column":0},"end":{"line":62,"column":6}},"62":{"start":{"line":63,"column":0},"end":{"line":63,"column":20}},"63":{"start":{"line":64,"column":0},"end":{"line":64,"column":14}},"64":{"start":{"line":65,"column":0},"end":{"line":65,"column":25}},"65":{"start":{"line":66,"column":0},"end":{"line":66,"column":35}},"66":{"start":{"line":67,"column":0},"end":{"line":67,"column":17}},"67":{"start":{"line":68,"column":0},"end":{"line":68,"column":14}},"68":{"start":{"line":69,"column":0},"end":{"line":69,"column":20}},"69":{"start":{"line":70,"column":0},"end":{"line":70,"column":28}},"70":{"start":{"line":71,"column":0},"end":{"line":71,"column":29}},"71":{"start":{"line":72,"column":0},"end":{"line":72,"column":14}},"72":{"start":{"line":73,"column":0},"end":{"line":73,"column":12}},"73":{"start":{"line":74,"column":0},"end":{"line":74,"column":14}},"74":{"start":{"line":75,"column":0},"end":{"line":75,"column":20}},"75":{"start":{"line":76,"column":0},"end":{"line":76,"column":28}},"76":{"start":{"line":77,"column":0},"end":{"line":77,"column":45}},"77":{"start":{"line":78,"column":0},"end":{"line":78,"column":14}},"78":{"start":{"line":79,"column":0},"end":{"line":79,"column":30}},"79":{"start":{"line":80,"column":0},"end":{"line":80,"column":12}},"80":{"start":{"line":81,"column":0},"end":{"line":81,"column":10}},"81":{"start":{"line":82,"column":0},"end":{"line":82,"column":8}},"82":{"start":{"line":83,"column":0},"end":{"line":83,"column":6}},"83":{"start":{"line":84,"column":0},"end":{"line":84,"column":4}},"84":{"start":{"line":85,"column":0},"end":{"line":85,"column":2}}},"s":{"1":1,"2":1,"3":1,"7":1,"8":1,"16":1,"17":1,"19":1,"20":1,"21":1,"22":1,"23":1,"24":1,"25":1,"26":1,"28":1,"29":1,"30":1,"31":1,"32":1,"33":1,"34":0,"36":0,"37":0,"38":0,"39":0,"40":0,"41":0,"42":0,"43":0,"44":0,"46":0,"47":0,"48":0,"49":0,"51":0,"52":0,"53":0,"54":0,"55":0,"56":0,"57":0,"58":0,"59":0,"60":0,"61":1,"62":1,"63":0,"64":0,"65":0,"66":0,"67":0,"68":0,"69":0,"70":0,"71":0,"72":0,"73":0,"74":0,"75":0,"76":0,"77":0,"78":0,"79":0,"80":0,"81":0,"82":1,"83":1,"84":1},"branchMap":{},"b":{},"fnMap":{"0":{"name":"chartData","decl":{"start":{"line":34,"column":4},"end":{"line":62,"column":5}},"loc":{"start":{"line":34,"column":4},"end":{"line":62,"column":5}},"line":34},"1":{"name":"chartOptions","decl":{"start":{"line":63,"column":4},"end":{"line":83,"column":5}},"loc":{"start":{"line":63,"column":4},"end":{"line":83,"column":5}},"line":63}},"f":{"0":0,"1":0}}
,"C:\\Users\\Terer\\Desktop\\UNIVERSITY\\AN 2\\SEMESTRUL 4\\MPP (Systems for Design and Implementations)\\HarmonicArchive\\HarmonicArchive\\src\\components\\Sidebar.vue": {"path":"C:\\Users\\Terer\\Desktop\\UNIVERSITY\\AN 2\\SEMESTRUL 4\\MPP (Systems for Design and Implementations)\\HarmonicArchive\\HarmonicArchive\\src\\components\\Sidebar.vue","all":false,"statementMap":{"0":{"start":{"line":1,"column":0},"end":{"line":1,"column":10}},"1":{"start":{"line":2,"column":0},"end":{"line":2,"column":25}},"2":{"start":{"line":3,"column":0},"end":{"line":3,"column":30}},"3":{"start":{"line":4,"column":0},"end":{"line":4,"column":35}},"4":{"start":{"line":5,"column":0},"end":{"line":5,"column":84}},"5":{"start":{"line":6,"column":0},"end":{"line":6,"column":34}},"6":{"start":{"line":7,"column":0},"end":{"line":7,"column":27}},"7":{"start":{"line":8,"column":0},"end":{"line":8,"column":61}},"8":{"start":{"line":9,"column":0},"end":{"line":9,"column":14}},"9":{"start":{"line":10,"column":0},"end":{"line":10,"column":12}},"11":{"start":{"line":12,"column":0},"end":{"line":12,"column":29}},"12":{"start":{"line":13,"column":0},"end":{"line":13,"column":34}},"13":{"start":{"line":14,"column":0},"end":{"line":14,"column":34}},"14":{"start":{"line":15,"column":0},"end":{"line":15,"column":36}},"15":{"start":{"line":16,"column":0},"end":{"line":16,"column":85}},"16":{"start":{"line":17,"column":0},"end":{"line":17,"column":17}},"18":{"start":{"line":19,"column":0},"end":{"line":19,"column":14}},"20":{"start":{"line":21,"column":0},"end":{"line":21,"column":29}},"21":{"start":{"line":22,"column":0},"end":{"line":22,"column":37}},"22":{"start":{"line":23,"column":0},"end":{"line":23,"column":73}},"23":{"start":{"line":24,"column":0},"end":{"line":24,"column":30}},"24":{"start":{"line":25,"column":0},"end":{"line":25,"column":75}},"25":{"start":{"line":26,"column":0},"end":{"line":26,"column":16}},"26":{"start":{"line":27,"column":0},"end":{"line":27,"column":40}},"27":{"start":{"line":28,"column":0},"end":{"line":28,"column":57}},"28":{"start":{"line":29,"column":0},"end":{"line":29,"column":18}},"29":{"start":{"line":30,"column":0},"end":{"line":30,"column":48}},"30":{"start":{"line":31,"column":0},"end":{"line":31,"column":28}},"31":{"start":{"line":32,"column":0},"end":{"line":32,"column":28}},"32":{"start":{"line":33,"column":0},"end":{"line":33,"column":52}},"34":{"start":{"line":35,"column":0},"end":{"line":35,"column":40}},"35":{"start":{"line":36,"column":0},"end":{"line":36,"column":23}},"36":{"start":{"line":37,"column":0},"end":{"line":37,"column":55}},"37":{"start":{"line":38,"column":0},"end":{"line":38,"column":37}},"38":{"start":{"line":39,"column":0},"end":{"line":39,"column":59}},"39":{"start":{"line":40,"column":0},"end":{"line":40,"column":17}},"41":{"start":{"line":42,"column":0},"end":{"line":42,"column":25}},"42":{"start":{"line":43,"column":0},"end":{"line":43,"column":20}},"43":{"start":{"line":44,"column":0},"end":{"line":44,"column":18}},"44":{"start":{"line":45,"column":0},"end":{"line":45,"column":23}},"45":{"start":{"line":46,"column":0},"end":{"line":46,"column":14}},"47":{"start":{"line":48,"column":0},"end":{"line":48,"column":35}},"48":{"start":{"line":49,"column":0},"end":{"line":49,"column":37}},"49":{"start":{"line":50,"column":0},"end":{"line":50,"column":85}},"50":{"start":{"line":51,"column":0},"end":{"line":51,"column":36}},"51":{"start":{"line":52,"column":0},"end":{"line":52,"column":81}},"52":{"start":{"line":53,"column":0},"end":{"line":53,"column":16}},"53":{"start":{"line":54,"column":0},"end":{"line":54,"column":40}},"54":{"start":{"line":55,"column":0},"end":{"line":55,"column":63}},"55":{"start":{"line":56,"column":0},"end":{"line":56,"column":18}},"56":{"start":{"line":57,"column":0},"end":{"line":57,"column":58}},"57":{"start":{"line":58,"column":0},"end":{"line":58,"column":28}},"58":{"start":{"line":59,"column":0},"end":{"line":59,"column":28}},"59":{"start":{"line":60,"column":0},"end":{"line":60,"column":62}},"61":{"start":{"line":62,"column":0},"end":{"line":62,"column":45}},"62":{"start":{"line":63,"column":0},"end":{"line":63,"column":23}},"63":{"start":{"line":64,"column":0},"end":{"line":64,"column":65}},"64":{"start":{"line":65,"column":0},"end":{"line":65,"column":37}},"65":{"start":{"line":66,"column":0},"end":{"line":66,"column":69}},"66":{"start":{"line":67,"column":0},"end":{"line":67,"column":17}},"68":{"start":{"line":69,"column":0},"end":{"line":69,"column":25}},"69":{"start":{"line":70,"column":0},"end":{"line":70,"column":20}},"70":{"start":{"line":71,"column":0},"end":{"line":71,"column":18}},"71":{"start":{"line":72,"column":0},"end":{"line":72,"column":23}},"72":{"start":{"line":73,"column":0},"end":{"line":73,"column":14}},"73":{"start":{"line":74,"column":0},"end":{"line":74,"column":12}},"75":{"start":{"line":76,"column":0},"end":{"line":76,"column":30}},"76":{"start":{"line":77,"column":0},"end":{"line":77,"column":35}},"77":{"start":{"line":78,"column":0},"end":{"line":78,"column":55}},"78":{"start":{"line":79,"column":0},"end":{"line":79,"column":12}},"79":{"start":{"line":80,"column":0},"end":{"line":80,"column":10}},"83":{"start":{"line":84,"column":0},"end":{"line":84,"column":56}},"85":{"start":{"line":86,"column":0},"end":{"line":86,"column":18}},"86":{"start":{"line":87,"column":0},"end":{"line":87,"column":37}},"87":{"start":{"line":88,"column":0},"end":{"line":88,"column":12}},"88":{"start":{"line":89,"column":0},"end":{"line":89,"column":20}},"89":{"start":{"line":90,"column":0},"end":{"line":90,"column":25}},"90":{"start":{"line":91,"column":0},"end":{"line":91,"column":28}},"91":{"start":{"line":92,"column":0},"end":{"line":92,"column":33}},"92":{"start":{"line":93,"column":0},"end":{"line":93,"column":25}},"93":{"start":{"line":94,"column":0},"end":{"line":94,"column":6}},"94":{"start":{"line":95,"column":0},"end":{"line":95,"column":12}},"95":{"start":{"line":96,"column":0},"end":{"line":96,"column":14}},"96":{"start":{"line":97,"column":0},"end":{"line":97,"column":27}},"97":{"start":{"line":98,"column":0},"end":{"line":98,"column":33}},"98":{"start":{"line":99,"column":0},"end":{"line":99,"column":8}},"99":{"start":{"line":100,"column":0},"end":{"line":100,"column":6}},"100":{"start":{"line":101,"column":0},"end":{"line":101,"column":4}}},"s":{"0":1,"1":1,"2":1,"3":1,"4":1,"5":1,"6":1,"7":1,"8":1,"9":1,"11":1,"12":1,"13":1,"14":1,"15":1,"16":1,"18":1,"20":1,"21":1,"22":1,"23":1,"24":1,"25":1,"26":1,"27":1,"28":1,"29":1,"30":1,"31":1,"32":1,"34":1,"35":1,"36":1,"37":1,"38":1,"39":1,"41":1,"42":1,"43":1,"44":1,"45":1,"47":1,"48":1,"49":1,"50":1,"51":1,"52":1,"53":1,"54":1,"55":1,"56":1,"57":1,"58":1,"59":1,"61":1,"62":1,"63":1,"64":1,"65":1,"66":1,"68":1,"69":1,"70":1,"71":1,"72":1,"73":1,"75":1,"76":1,"77":1,"78":1,"79":1,"83":1,"85":1,"86":1,"87":1,"88":1,"89":1,"90":1,"91":1,"92":1,"93":1,"94":1,"95":0,"96":0,"97":0,"98":0,"99":1,"100":1},"branchMap":{},"b":{},"fnMap":{"0":{"name":"data","decl":{"start":{"line":95,"column":4},"end":{"line":100,"column":5}},"loc":{"start":{"line":95,"column":4},"end":{"line":100,"column":5}},"line":95}},"f":{"0":0}}
,"C:\\Users\\Terer\\Desktop\\UNIVERSITY\\AN 2\\SEMESTRUL 4\\MPP (Systems for Design and Implementations)\\HarmonicArchive\\HarmonicArchive\\src\\components\\SortPagination.vue": {"path":"C:\\Users\\Terer\\Desktop\\UNIVERSITY\\AN 2\\SEMESTRUL 4\\MPP (Systems for Design and Implementations)\\HarmonicArchive\\HarmonicArchive\\src\\components\\SortPagination.vue","all":false,"statementMap":{"0":{"start":{"line":1,"column":0},"end":{"line":1,"column":10}},"1":{"start":{"line":2,"column":0},"end":{"line":2,"column":43}},"2":{"start":{"line":3,"column":0},"end":{"line":3,"column":32}},"3":{"start":{"line":4,"column":0},"end":{"line":4,"column":51}},"5":{"start":{"line":6,"column":0},"end":{"line":6,"column":86}},"6":{"start":{"line":7,"column":0},"end":{"line":7,"column":17}},"7":{"start":{"line":8,"column":0},"end":{"line":8,"column":54}},"9":{"start":{"line":10,"column":0},"end":{"line":10,"column":89}},"10":{"start":{"line":11,"column":0},"end":{"line":11,"column":17}},"11":{"start":{"line":12,"column":0},"end":{"line":12,"column":50}},"13":{"start":{"line":14,"column":0},"end":{"line":14,"column":85}},"14":{"start":{"line":15,"column":0},"end":{"line":15,"column":17}},"15":{"start":{"line":16,"column":0},"end":{"line":16,"column":66}},"16":{"start":{"line":17,"column":0},"end":{"line":17,"column":67}},"17":{"start":{"line":18,"column":0},"end":{"line":18,"column":17}},"18":{"start":{"line":19,"column":0},"end":{"line":19,"column":12}},"20":{"start":{"line":21,"column":0},"end":{"line":21,"column":30}},"21":{"start":{"line":22,"column":0},"end":{"line":22,"column":90}},"23":{"start":{"line":24,"column":0},"end":{"line":24,"column":17}},"24":{"start":{"line":25,"column":0},"end":{"line":25,"column":15}},"25":{"start":{"line":26,"column":0},"end":{"line":26,"column":36}},"26":{"start":{"line":27,"column":0},"end":{"line":27,"column":21}},"27":{"start":{"line":28,"column":0},"end":{"line":28,"column":51}},"28":{"start":{"line":29,"column":0},"end":{"line":29,"column":42}},"30":{"start":{"line":31,"column":0},"end":{"line":31,"column":20}},"31":{"start":{"line":32,"column":0},"end":{"line":32,"column":17}},"32":{"start":{"line":33,"column":0},"end":{"line":33,"column":99}},"34":{"start":{"line":35,"column":0},"end":{"line":35,"column":17}},"36":{"start":{"line":37,"column":0},"end":{"line":37,"column":36}},"37":{"start":{"line":38,"column":0},"end":{"line":38,"column":17}},"38":{"start":{"line":39,"column":0},"end":{"line":39,"column":33}},"39":{"start":{"line":40,"column":0},"end":{"line":40,"column":70}},"41":{"start":{"line":42,"column":0},"end":{"line":42,"column":49}},"42":{"start":{"line":43,"column":0},"end":{"line":43,"column":51}},"43":{"start":{"line":44,"column":0},"end":{"line":44,"column":51}},"44":{"start":{"line":45,"column":0},"end":{"line":45,"column":51}},"45":{"start":{"line":46,"column":0},"end":{"line":46,"column":19}},"46":{"start":{"line":47,"column":0},"end":{"line":47,"column":14}},"47":{"start":{"line":48,"column":0},"end":{"line":48,"column":12}},"48":{"start":{"line":49,"column":0},"end":{"line":49,"column":10}},"52":{"start":{"line":53,"column":0},"end":{"line":53,"column":18}},"53":{"start":{"line":54,"column":0},"end":{"line":54,"column":12}},"54":{"start":{"line":55,"column":0},"end":{"line":55,"column":21}},"55":{"start":{"line":56,"column":0},"end":{"line":56,"column":24}},"56":{"start":{"line":57,"column":0},"end":{"line":57,"column":26}},"57":{"start":{"line":58,"column":0},"end":{"line":58,"column":25}},"58":{"start":{"line":59,"column":0},"end":{"line":59,"column":27}},"59":{"start":{"line":60,"column":0},"end":{"line":60,"column":28}},"60":{"start":{"line":61,"column":0},"end":{"line":61,"column":6}},"61":{"start":{"line":62,"column":0},"end":{"line":62,"column":4}}},"s":{"0":1,"1":1,"2":1,"3":1,"5":1,"6":1,"7":1,"9":1,"10":1,"11":1,"13":1,"14":1,"15":1,"16":1,"17":1,"18":1,"20":1,"21":1,"23":1,"24":1,"25":1,"26":1,"27":1,"28":1,"30":1,"31":1,"32":1,"34":1,"36":1,"37":1,"38":1,"39":1,"41":1,"42":1,"43":1,"44":1,"45":1,"46":1,"47":1,"48":1,"52":1,"53":1,"54":1,"55":1,"56":1,"57":1,"58":1,"59":1,"60":1,"61":1},"branchMap":{},"b":{},"fnMap":{},"f":{}}
,"C:\\Users\\Terer\\Desktop\\UNIVERSITY\\AN 2\\SEMESTRUL 4\\MPP (Systems for Design and Implementations)\\HarmonicArchive\\HarmonicArchive\\src\\components\\UploadMusicScore.vue": {"path":"C:\\Users\\Terer\\Desktop\\UNIVERSITY\\AN 2\\SEMESTRUL 4\\MPP (Systems for Design and Implementations)\\HarmonicArchive\\HarmonicArchive\\src\\components\\UploadMusicScore.vue","all":false,"statementMap":{"0":{"start":{"line":1,"column":0},"end":{"line":1,"column":10}},"1":{"start":{"line":2,"column":0},"end":{"line":2,"column":25}},"2":{"start":{"line":3,"column":0},"end":{"line":3,"column":55}},"3":{"start":{"line":4,"column":0},"end":{"line":4,"column":29}},"4":{"start":{"line":5,"column":0},"end":{"line":5,"column":79}},"5":{"start":{"line":6,"column":0},"end":{"line":6,"column":29}},"6":{"start":{"line":7,"column":0},"end":{"line":7,"column":16}},"7":{"start":{"line":8,"column":0},"end":{"line":8,"column":27}},"8":{"start":{"line":9,"column":0},"end":{"line":9,"column":23}},"9":{"start":{"line":10,"column":0},"end":{"line":10,"column":26}},"10":{"start":{"line":11,"column":0},"end":{"line":11,"column":38}},"11":{"start":{"line":12,"column":0},"end":{"line":12,"column":12}},"12":{"start":{"line":13,"column":0},"end":{"line":13,"column":61}},"13":{"start":{"line":14,"column":0},"end":{"line":14,"column":38}},"14":{"start":{"line":15,"column":0},"end":{"line":15,"column":76}},"15":{"start":{"line":16,"column":0},"end":{"line":16,"column":16}},"16":{"start":{"line":17,"column":0},"end":{"line":17,"column":64}},"17":{"start":{"line":18,"column":0},"end":{"line":18,"column":16}},"18":{"start":{"line":19,"column":0},"end":{"line":19,"column":14}},"19":{"start":{"line":20,"column":0},"end":{"line":20,"column":12}},"20":{"start":{"line":21,"column":0},"end":{"line":21,"column":10}},"22":{"start":{"line":23,"column":0},"end":{"line":23,"column":37}},"23":{"start":{"line":24,"column":0},"end":{"line":24,"column":27}},"24":{"start":{"line":25,"column":0},"end":{"line":25,"column":52}},"25":{"start":{"line":26,"column":0},"end":{"line":26,"column":62}},"26":{"start":{"line":27,"column":0},"end":{"line":27,"column":41}},"27":{"start":{"line":28,"column":0},"end":{"line":28,"column":33}},"28":{"start":{"line":29,"column":0},"end":{"line":29,"column":34}},"29":{"start":{"line":30,"column":0},"end":{"line":30,"column":63}},"30":{"start":{"line":31,"column":0},"end":{"line":31,"column":18}},"31":{"start":{"line":32,"column":0},"end":{"line":32,"column":25}},"32":{"start":{"line":33,"column":0},"end":{"line":33,"column":24}},"33":{"start":{"line":34,"column":0},"end":{"line":34,"column":38}},"34":{"start":{"line":35,"column":0},"end":{"line":35,"column":32}},"35":{"start":{"line":36,"column":0},"end":{"line":36,"column":22}},"36":{"start":{"line":37,"column":0},"end":{"line":37,"column":14}},"37":{"start":{"line":38,"column":0},"end":{"line":38,"column":16}},"39":{"start":{"line":40,"column":0},"end":{"line":40,"column":34}},"40":{"start":{"line":41,"column":0},"end":{"line":41,"column":69}},"41":{"start":{"line":42,"column":0},"end":{"line":42,"column":18}},"42":{"start":{"line":43,"column":0},"end":{"line":43,"column":25}},"43":{"start":{"line":44,"column":0},"end":{"line":44,"column":27}},"44":{"start":{"line":45,"column":0},"end":{"line":45,"column":41}},"45":{"start":{"line":46,"column":0},"end":{"line":46,"column":32}},"46":{"start":{"line":47,"column":0},"end":{"line":47,"column":22}},"47":{"start":{"line":48,"column":0},"end":{"line":48,"column":14}},"48":{"start":{"line":49,"column":0},"end":{"line":49,"column":16}},"50":{"start":{"line":51,"column":0},"end":{"line":51,"column":34}},"51":{"start":{"line":52,"column":0},"end":{"line":52,"column":61}},"52":{"start":{"line":53,"column":0},"end":{"line":53,"column":18}},"53":{"start":{"line":54,"column":0},"end":{"line":54,"column":25}},"54":{"start":{"line":55,"column":0},"end":{"line":55,"column":23}},"55":{"start":{"line":56,"column":0},"end":{"line":56,"column":37}},"56":{"start":{"line":57,"column":0},"end":{"line":57,"column":32}},"57":{"start":{"line":58,"column":0},"end":{"line":58,"column":22}},"58":{"start":{"line":59,"column":0},"end":{"line":59,"column":14}},"59":{"start":{"line":60,"column":0},"end":{"line":60,"column":16}},"61":{"start":{"line":62,"column":0},"end":{"line":62,"column":34}},"62":{"start":{"line":63,"column":0},"end":{"line":63,"column":59}},"63":{"start":{"line":64,"column":0},"end":{"line":64,"column":18}},"64":{"start":{"line":65,"column":0},"end":{"line":65,"column":25}},"65":{"start":{"line":66,"column":0},"end":{"line":66,"column":22}},"66":{"start":{"line":67,"column":0},"end":{"line":67,"column":36}},"67":{"start":{"line":68,"column":0},"end":{"line":68,"column":32}},"68":{"start":{"line":69,"column":0},"end":{"line":69,"column":22}},"69":{"start":{"line":70,"column":0},"end":{"line":70,"column":14}},"70":{"start":{"line":71,"column":0},"end":{"line":71,"column":16}},"72":{"start":{"line":73,"column":0},"end":{"line":73,"column":34}},"73":{"start":{"line":74,"column":0},"end":{"line":74,"column":67}},"74":{"start":{"line":75,"column":0},"end":{"line":75,"column":18}},"75":{"start":{"line":76,"column":0},"end":{"line":76,"column":25}},"76":{"start":{"line":77,"column":0},"end":{"line":77,"column":25}},"77":{"start":{"line":78,"column":0},"end":{"line":78,"column":39}},"78":{"start":{"line":79,"column":0},"end":{"line":79,"column":32}},"79":{"start":{"line":80,"column":0},"end":{"line":80,"column":22}},"80":{"start":{"line":81,"column":0},"end":{"line":81,"column":14}},"81":{"start":{"line":82,"column":0},"end":{"line":82,"column":16}},"83":{"start":{"line":84,"column":0},"end":{"line":84,"column":34}},"84":{"start":{"line":85,"column":0},"end":{"line":85,"column":75}},"85":{"start":{"line":86,"column":0},"end":{"line":86,"column":18}},"86":{"start":{"line":87,"column":0},"end":{"line":87,"column":25}},"87":{"start":{"line":88,"column":0},"end":{"line":88,"column":30}},"88":{"start":{"line":89,"column":0},"end":{"line":89,"column":44}},"89":{"start":{"line":90,"column":0},"end":{"line":90,"column":32}},"90":{"start":{"line":91,"column":0},"end":{"line":91,"column":22}},"91":{"start":{"line":92,"column":0},"end":{"line":92,"column":14}},"92":{"start":{"line":93,"column":0},"end":{"line":93,"column":16}},"93":{"start":{"line":94,"column":0},"end":{"line":94,"column":14}},"95":{"start":{"line":96,"column":0},"end":{"line":96,"column":34}},"96":{"start":{"line":97,"column":0},"end":{"line":97,"column":67}},"98":{"start":{"line":99,"column":0},"end":{"line":99,"column":19}},"99":{"start":{"line":100,"column":0},"end":{"line":100,"column":87}},"100":{"start":{"line":101,"column":0},"end":{"line":101,"column":14}},"101":{"start":{"line":102,"column":0},"end":{"line":102,"column":13}},"102":{"start":{"line":103,"column":0},"end":{"line":103,"column":10}},"103":{"start":{"line":104,"column":0},"end":{"line":104,"column":8}},"107":{"start":{"line":108,"column":0},"end":{"line":108,"column":39}},"109":{"start":{"line":110,"column":0},"end":{"line":110,"column":16}},"110":{"start":{"line":111,"column":0},"end":{"line":111,"column":10}},"111":{"start":{"line":112,"column":0},"end":{"line":112,"column":12}},"112":{"start":{"line":113,"column":0},"end":{"line":113,"column":17}},"113":{"start":{"line":114,"column":0},"end":{"line":114,"column":18}},"114":{"start":{"line":115,"column":0},"end":{"line":115,"column":21}},"115":{"start":{"line":116,"column":0},"end":{"line":116,"column":17}},"116":{"start":{"line":117,"column":0},"end":{"line":117,"column":16}},"117":{"start":{"line":118,"column":0},"end":{"line":118,"column":19}},"118":{"start":{"line":119,"column":0},"end":{"line":119,"column":24}},"119":{"start":{"line":120,"column":0},"end":{"line":120,"column":8}},"120":{"start":{"line":121,"column":0},"end":{"line":121,"column":25}},"121":{"start":{"line":122,"column":0},"end":{"line":122,"column":6}},"122":{"start":{"line":123,"column":0},"end":{"line":123,"column":4}},"123":{"start":{"line":124,"column":0},"end":{"line":124,"column":12}},"124":{"start":{"line":125,"column":0},"end":{"line":125,"column":23}},"125":{"start":{"line":126,"column":0},"end":{"line":126,"column":45}},"126":{"start":{"line":127,"column":0},"end":{"line":127,"column":29}},"127":{"start":{"line":128,"column":0},"end":{"line":128,"column":37}},"128":{"start":{"line":129,"column":0},"end":{"line":129,"column":7}},"129":{"start":{"line":130,"column":0},"end":{"line":130,"column":6}},"130":{"start":{"line":131,"column":0},"end":{"line":131,"column":24}},"131":{"start":{"line":132,"column":0},"end":{"line":132,"column":35}},"132":{"start":{"line":133,"column":0},"end":{"line":133,"column":6}},"133":{"start":{"line":134,"column":0},"end":{"line":134,"column":29}},"134":{"start":{"line":135,"column":0},"end":{"line":135,"column":41}},"135":{"start":{"line":136,"column":0},"end":{"line":136,"column":17}},"136":{"start":{"line":137,"column":0},"end":{"line":137,"column":33}},"137":{"start":{"line":138,"column":0},"end":{"line":138,"column":7}},"138":{"start":{"line":139,"column":0},"end":{"line":139,"column":6}},"139":{"start":{"line":140,"column":0},"end":{"line":140,"column":17}},"140":{"start":{"line":141,"column":0},"end":{"line":141,"column":23}},"141":{"start":{"line":142,"column":0},"end":{"line":142,"column":18}},"142":{"start":{"line":143,"column":0},"end":{"line":143,"column":21}},"143":{"start":{"line":144,"column":0},"end":{"line":144,"column":17}},"144":{"start":{"line":145,"column":0},"end":{"line":145,"column":16}},"145":{"start":{"line":146,"column":0},"end":{"line":146,"column":19}},"146":{"start":{"line":147,"column":0},"end":{"line":147,"column":24}},"147":{"start":{"line":148,"column":0},"end":{"line":148,"column":8}},"148":{"start":{"line":149,"column":0},"end":{"line":149,"column":31}},"149":{"start":{"line":150,"column":0},"end":{"line":150,"column":6}},"150":{"start":{"line":151,"column":0},"end":{"line":151,"column":14}},"151":{"start":{"line":152,"column":0},"end":{"line":152,"column":26}},"152":{"start":{"line":153,"column":0},"end":{"line":153,"column":6}},"153":{"start":{"line":154,"column":0},"end":{"line":154,"column":21}},"154":{"start":{"line":155,"column":0},"end":{"line":155,"column":44}},"155":{"start":{"line":156,"column":0},"end":{"line":156,"column":49}},"156":{"start":{"line":157,"column":0},"end":{"line":157,"column":34}},"157":{"start":{"line":158,"column":0},"end":{"line":158,"column":45}},"158":{"start":{"line":159,"column":0},"end":{"line":159,"column":14}},"159":{"start":{"line":160,"column":0},"end":{"line":160,"column":47}},"160":{"start":{"line":161,"column":0},"end":{"line":161,"column":50}},"161":{"start":{"line":162,"column":0},"end":{"line":162,"column":45}},"162":{"start":{"line":163,"column":0},"end":{"line":163,"column":43}},"163":{"start":{"line":164,"column":0},"end":{"line":164,"column":48}},"164":{"start":{"line":165,"column":0},"end":{"line":165,"column":53}},"165":{"start":{"line":166,"column":0},"end":{"line":166,"column":54}},"166":{"start":{"line":167,"column":0},"end":{"line":167,"column":8}},"167":{"start":{"line":168,"column":0},"end":{"line":168,"column":6}},"168":{"start":{"line":169,"column":0},"end":{"line":169,"column":37}},"169":{"start":{"line":170,"column":0},"end":{"line":170,"column":24}},"170":{"start":{"line":171,"column":0},"end":{"line":171,"column":38}},"172":{"start":{"line":173,"column":0},"end":{"line":173,"column":27}},"173":{"start":{"line":174,"column":0},"end":{"line":174,"column":43}},"174":{"start":{"line":175,"column":0},"end":{"line":175,"column":33}},"175":{"start":{"line":176,"column":0},"end":{"line":176,"column":39}},"176":{"start":{"line":177,"column":0},"end":{"line":177,"column":31}},"177":{"start":{"line":178,"column":0},"end":{"line":178,"column":29}},"178":{"start":{"line":179,"column":0},"end":{"line":179,"column":104}},"179":{"start":{"line":180,"column":0},"end":{"line":180,"column":119}},"180":{"start":{"line":181,"column":0},"end":{"line":181,"column":120}},"181":{"start":{"line":182,"column":0},"end":{"line":182,"column":22}},"182":{"start":{"line":183,"column":0},"end":{"line":183,"column":6}},"184":{"start":{"line":185,"column":0},"end":{"line":185,"column":32}},"185":{"start":{"line":186,"column":0},"end":{"line":186,"column":62}},"187":{"start":{"line":188,"column":0},"end":{"line":188,"column":56}},"188":{"start":{"line":189,"column":0},"end":{"line":189,"column":86}},"189":{"start":{"line":190,"column":0},"end":{"line":190,"column":56}},"190":{"start":{"line":191,"column":0},"end":{"line":191,"column":6}},"191":{"start":{"line":192,"column":0},"end":{"line":192,"column":1}},"192":{"start":{"line":193,"column":0},"end":{"line":193,"column":2}}},"s":{"0":0,"1":0,"2":0,"3":0,"4":0,"5":0,"6":0,"7":0,"8":0,"9":0,"10":0,"11":0,"12":0,"13":0,"14":0,"15":0,"16":0,"17":0,"18":0,"19":0,"20":0,"22":0,"23":0,"24":0,"25":0,"26":0,"27":0,"28":0,"29":0,"30":0,"31":0,"32":0,"33":0,"34":0,"35":0,"36":0,"37":0,"39":0,"40":0,"41":0,"42":0,"43":0,"44":0,"45":0,"46":0,"47":0,"48":0,"50":0,"51":0,"52":0,"53":0,"54":0,"55":0,"56":0,"57":0,"58":0,"59":0,"61":0,"62":0,"63":0,"64":0,"65":0,"66":0,"67":0,"68":0,"69":0,"70":0,"72":0,"73":0,"74":0,"75":0,"76":0,"77":0,"78":0,"79":0,"80":0,"81":0,"83":0,"84":0,"85":0,"86":0,"87":0,"88":0,"89":1,"90":1,"91":1,"92":1,"93":1,"95":1,"96":1,"98":1,"99":1,"100":1,"101":1,"102":1,"103":1,"107":1,"109":1,"110":1,"111":3,"112":3,"113":3,"114":3,"115":3,"116":3,"117":3,"118":3,"119":3,"120":3,"121":3,"122":1,"123":1,"124":1,"125":0,"126":0,"127":0,"128":0,"129":1,"130":1,"131":0,"132":1,"133":1,"134":0,"135":0,"136":0,"137":0,"138":1,"139":1,"140":1,"141":1,"142":1,"143":1,"144":1,"145":1,"146":1,"147":1,"148":1,"149":1,"150":1,"151":1,"152":1,"153":1,"154":2,"155":2,"156":2,"157":2,"158":2,"159":2,"160":2,"161":2,"162":2,"163":2,"164":2,"165":2,"166":2,"167":1,"168":1,"169":1,"170":3,"172":1,"173":1,"174":1,"175":1,"176":1,"177":1,"178":1,"179":1,"180":3,"181":3,"182":3,"184":3,"185":3,"187":3,"188":3,"189":3,"190":1,"191":1,"192":1},"branchMap":{"0":{"type":"branch","line":111,"loc":{"start":{"line":111,"column":2},"end":{"line":123,"column":3}},"locations":[{"start":{"line":111,"column":2},"end":{"line":123,"column":3}}]},"1":{"type":"branch","line":140,"loc":{"start":{"line":140,"column":4},"end":{"line":150,"column":5}},"locations":[{"start":{"line":140,"column":4},"end":{"line":150,"column":5}}]},"2":{"type":"branch","line":151,"loc":{"start":{"line":151,"column":4},"end":{"line":153,"column":5}},"locations":[{"start":{"line":151,"column":4},"end":{"line":153,"column":5}}]},"3":{"type":"branch","line":154,"loc":{"start":{"line":154,"column":4},"end":{"line":168,"column":5}},"locations":[{"start":{"line":154,"column":4},"end":{"line":168,"column":5}}]},"4":{"type":"branch","line":160,"loc":{"start":{"line":160,"column":45},"end":{"line":161,"column":48}},"locations":[{"start":{"line":160,"column":45},"end":{"line":161,"column":48}}]},"5":{"type":"branch","line":161,"loc":{"start":{"line":161,"column":48},"end":{"line":162,"column":43}},"locations":[{"start":{"line":161,"column":48},"end":{"line":162,"column":43}}]},"6":{"type":"branch","line":162,"loc":{"start":{"line":162,"column":43},"end":{"line":163,"column":41}},"locations":[{"start":{"line":162,"column":43},"end":{"line":163,"column":41}}]},"7":{"type":"branch","line":163,"loc":{"start":{"line":163,"column":41},"end":{"line":164,"column":46}},"locations":[{"start":{"line":163,"column":41},"end":{"line":164,"column":46}}]},"8":{"type":"branch","line":164,"loc":{"start":{"line":164,"column":46},"end":{"line":165,"column":51}},"locations":[{"start":{"line":164,"column":46},"end":{"line":165,"column":51}}]},"9":{"type":"branch","line":165,"loc":{"start":{"line":165,"column":51},"end":{"line":166,"column":24}},"locations":[{"start":{"line":165,"column":51},"end":{"line":166,"column":24}}]},"10":{"type":"branch","line":170,"loc":{"start":{"line":170,"column":4},"end":{"line":191,"column":5}},"locations":[{"start":{"line":170,"column":4},"end":{"line":191,"column":5}}]},"11":{"type":"branch","line":171,"loc":{"start":{"line":171,"column":31},"end":{"line":171,"column":38}},"locations":[{"start":{"line":171,"column":31},"end":{"line":171,"column":38}}]},"12":{"type":"branch","line":171,"loc":{"start":{"line":171,"column":37},"end":{"line":181,"column":71}},"locations":[{"start":{"line":171,"column":37},"end":{"line":181,"column":71}}]},"13":{"type":"branch","line":181,"loc":{"start":{"line":181,"column":71},"end":{"line":181,"column":77}},"locations":[{"start":{"line":181,"column":71},"end":{"line":181,"column":77}}]},"14":{"type":"branch","line":179,"loc":{"start":{"line":179,"column":50},"end":{"line":179,"column":65}},"locations":[{"start":{"line":179,"column":50},"end":{"line":179,"column":65}}]},"15":{"type":"branch","line":180,"loc":{"start":{"line":180,"column":60},"end":{"line":180,"column":75}},"locations":[{"start":{"line":180,"column":60},"end":{"line":180,"column":75}}]},"16":{"type":"branch","line":5,"loc":{"start":{"line":5,"column":43},"end":{"line":5,"column":53}},"locations":[{"start":{"line":5,"column":43},"end":{"line":5,"column":53}}]},"17":{"type":"branch","line":5,"loc":{"start":{"line":5,"column":57},"end":{"line":5,"column":79}},"locations":[{"start":{"line":5,"column":57},"end":{"line":5,"column":79}}]},"18":{"type":"branch","line":11,"loc":{"start":{"line":11,"column":19},"end":{"line":11,"column":38}},"locations":[{"start":{"line":11,"column":19},"end":{"line":11,"column":38}}]},"19":{"type":"branch","line":13,"loc":{"start":{"line":13,"column":41},"end":{"line":13,"column":61}},"locations":[{"start":{"line":13,"column":41},"end":{"line":13,"column":61}}]},"20":{"type":"branch","line":15,"loc":{"start":{"line":15,"column":29},"end":{"line":15,"column":49}},"locations":[{"start":{"line":15,"column":29},"end":{"line":15,"column":49}}]},"21":{"type":"branch","line":15,"loc":{"start":{"line":15,"column":49},"end":{"line":15,"column":76}},"locations":[{"start":{"line":15,"column":49},"end":{"line":15,"column":76}}]},"22":{"type":"branch","line":17,"loc":{"start":{"line":17,"column":12},"end":{"line":17,"column":64}},"locations":[{"start":{"line":17,"column":12},"end":{"line":17,"column":64}}]},"23":{"type":"branch","line":25,"loc":{"start":{"line":25,"column":6},"end":{"line":25,"column":52}},"locations":[{"start":{"line":25,"column":6},"end":{"line":25,"column":52}}]},"24":{"type":"branch","line":26,"loc":{"start":{"line":26,"column":6},"end":{"line":26,"column":62}},"locations":[{"start":{"line":26,"column":6},"end":{"line":26,"column":62}}]},"25":{"type":"branch","line":27,"loc":{"start":{"line":27,"column":19},"end":{"line":27,"column":41}},"locations":[{"start":{"line":27,"column":19},"end":{"line":27,"column":41}}]},"26":{"type":"branch","line":30,"loc":{"start":{"line":30,"column":12},"end":{"line":30,"column":63}},"locations":[{"start":{"line":30,"column":12},"end":{"line":30,"column":63}}]},"27":{"type":"branch","line":1,"loc":{"start":{"line":1,"column":0},"end":{"line":34,"column":38}},"locations":[{"start":{"line":1,"column":0},"end":{"line":34,"column":38}}]},"28":{"type":"branch","line":41,"loc":{"start":{"line":41,"column":12},"end":{"line":41,"column":69}},"locations":[{"start":{"line":41,"column":12},"end":{"line":41,"column":69}}]},"29":{"type":"branch","line":1,"loc":{"start":{"line":1,"column":0},"end":{"line":45,"column":41}},"locations":[{"start":{"line":1,"column":0},"end":{"line":45,"column":41}}]},"30":{"type":"branch","line":52,"loc":{"start":{"line":52,"column":12},"end":{"line":52,"column":61}},"locations":[{"start":{"line":52,"column":12},"end":{"line":52,"column":61}}]},"31":{"type":"branch","line":1,"loc":{"start":{"line":1,"column":0},"end":{"line":56,"column":37}},"locations":[{"start":{"line":1,"column":0},"end":{"line":56,"column":37}}]},"32":{"type":"branch","line":63,"loc":{"start":{"line":63,"column":12},"end":{"line":63,"column":59}},"locations":[{"start":{"line":63,"column":12},"end":{"line":63,"column":59}}]},"33":{"type":"branch","line":1,"loc":{"start":{"line":1,"column":0},"end":{"line":67,"column":36}},"locations":[{"start":{"line":1,"column":0},"end":{"line":67,"column":36}}]},"34":{"type":"branch","line":74,"loc":{"start":{"line":74,"column":12},"end":{"line":74,"column":67}},"locations":[{"start":{"line":74,"column":12},"end":{"line":74,"column":67}}]},"35":{"type":"branch","line":1,"loc":{"start":{"line":1,"column":0},"end":{"line":78,"column":39}},"locations":[{"start":{"line":1,"column":0},"end":{"line":78,"column":39}}]},"36":{"type":"branch","line":85,"loc":{"start":{"line":85,"column":12},"end":{"line":85,"column":75}},"locations":[{"start":{"line":85,"column":12},"end":{"line":85,"column":75}}]},"37":{"type":"branch","line":1,"loc":{"start":{"line":1,"column":0},"end":{"line":89,"column":44}},"locations":[{"start":{"line":1,"column":0},"end":{"line":89,"column":44}}]},"38":{"type":"branch","line":97,"loc":{"start":{"line":97,"column":57},"end":{"line":97,"column":67}},"locations":[{"start":{"line":97,"column":57},"end":{"line":97,"column":67}}]},"39":{"type":"branch","line":100,"loc":{"start":{"line":100,"column":57},"end":{"line":100,"column":72}},"locations":[{"start":{"line":100,"column":57},"end":{"line":100,"column":72}}]},"40":{"type":"branch","line":1,"loc":{"start":{"line":1,"column":0},"end":{"line":27,"column":41}},"locations":[{"start":{"line":1,"column":0},"end":{"line":27,"column":41}}]}},"b":{"0":[3],"1":[1],"2":[1],"3":[2],"4":[1],"5":[1],"6":[1],"7":[1],"8":[1],"9":[1],"10":[3],"11":[2],"12":[1],"13":[0],"14":[2],"15":[2],"16":[3],"17":[3],"18":[3],"19":[3],"20":[1],"21":[6],"22":[3],"23":[3],"24":[3],"25":[3],"26":[3],"27":[3],"28":[3],"29":[3],"30":[3],"31":[3],"32":[3],"33":[3],"34":[3],"35":[3],"36":[3],"37":[3],"38":[3],"39":[3],"40":[3]},"fnMap":{"0":{"name":"data","decl":{"start":{"line":111,"column":2},"end":{"line":123,"column":3}},"loc":{"start":{"line":111,"column":2},"end":{"line":123,"column":3}},"line":111},"1":{"name":"handleDrop","decl":{"start":{"line":125,"column":4},"end":{"line":130,"column":5}},"loc":{"start":{"line":125,"column":4},"end":{"line":130,"column":5}},"line":125},"2":{"name":"triggerFileInput","decl":{"start":{"line":131,"column":4},"end":{"line":133,"column":5}},"loc":{"start":{"line":131,"column":4},"end":{"line":133,"column":5}},"line":131},"3":{"name":"handleFileSelect","decl":{"start":{"line":134,"column":4},"end":{"line":139,"column":5}},"loc":{"start":{"line":134,"column":4},"end":{"line":139,"column":5}},"line":134},"4":{"name":"resetForm","decl":{"start":{"line":140,"column":4},"end":{"line":150,"column":5}},"loc":{"start":{"line":140,"column":4},"end":{"line":150,"column":5}},"line":140},"5":{"name":"goBack","decl":{"start":{"line":151,"column":4},"end":{"line":153,"column":5}},"loc":{"start":{"line":151,"column":4},"end":{"line":153,"column":5}},"line":151},"6":{"name":"formDataValid","decl":{"start":{"line":154,"column":4},"end":{"line":168,"column":5}},"loc":{"start":{"line":154,"column":4},"end":{"line":168,"column":5}},"line":154},"7":{"name":"submitForm","decl":{"start":{"line":170,"column":4},"end":{"line":191,"column":5}},"loc":{"start":{"line":170,"column":4},"end":{"line":191,"column":5}},"line":170},"8":{"name":"onChange._cache.<computed>._cache.<computed>","decl":{"start":{"line":11,"column":19},"end":{"line":11,"column":38}},"loc":{"start":{"line":11,"column":19},"end":{"line":11,"column":38}},"line":11},"9":{"name":"onClick._cache.<computed>._cache.<computed>","decl":{"start":{"line":13,"column":41},"end":{"line":13,"column":61}},"loc":{"start":{"line":13,"column":41},"end":{"line":13,"column":61}},"line":13},"10":{"name":"onUpdate:modelValue._cache.<computed>._cache.<computed>","decl":{"start":{"line":1,"column":0},"end":{"line":34,"column":38}},"loc":{"start":{"line":1,"column":0},"end":{"line":34,"column":38}},"line":1},"11":{"name":"onUpdate:modelValue._cache.<computed>._cache.<computed>","decl":{"start":{"line":1,"column":0},"end":{"line":45,"column":41}},"loc":{"start":{"line":1,"column":0},"end":{"line":45,"column":41}},"line":1},"12":{"name":"onUpdate:modelValue._cache.<computed>._cache.<computed>","decl":{"start":{"line":1,"column":0},"end":{"line":56,"column":37}},"loc":{"start":{"line":1,"column":0},"end":{"line":56,"column":37}},"line":1},"13":{"name":"onUpdate:modelValue._cache.<computed>._cache.<computed>","decl":{"start":{"line":1,"column":0},"end":{"line":67,"column":36}},"loc":{"start":{"line":1,"column":0},"end":{"line":67,"column":36}},"line":1},"14":{"name":"onUpdate:modelValue._cache.<computed>._cache.<computed>","decl":{"start":{"line":1,"column":0},"end":{"line":78,"column":39}},"loc":{"start":{"line":1,"column":0},"end":{"line":78,"column":39}},"line":1},"15":{"name":"onUpdate:modelValue._cache.<computed>._cache.<computed>","decl":{"start":{"line":1,"column":0},"end":{"line":89,"column":44}},"loc":{"start":{"line":1,"column":0},"end":{"line":89,"column":44}},"line":1},"16":{"name":"onClick._cache.<computed>._cache.<computed>","decl":{"start":{"line":97,"column":57},"end":{"line":97,"column":67}},"loc":{"start":{"line":97,"column":57},"end":{"line":97,"column":67}},"line":97},"17":{"name":"onClick._cache.<computed>._cache.<computed>","decl":{"start":{"line":100,"column":57},"end":{"line":100,"column":72}},"loc":{"start":{"line":100,"column":57},"end":{"line":100,"column":72}},"line":100}},"f":{"0":3,"1":0,"2":0,"3":0,"4":1,"5":1,"6":2,"7":3,"8":0,"9":0,"10":0,"11":0,"12":0,"13":0,"14":0,"15":0,"16":0,"17":0}}
,"C:\\Users\\Terer\\Desktop\\UNIVERSITY\\AN 2\\SEMESTRUL 4\\MPP (Systems for Design and Implementations)\\HarmonicArchive\\HarmonicArchive\\src\\components\\ViewMusicScore.vue": {"path":"C:\\Users\\Terer\\Desktop\\UNIVERSITY\\AN 2\\SEMESTRUL 4\\MPP (Systems for Design and Implementations)\\HarmonicArchive\\HarmonicArchive\\src\\components\\ViewMusicScore.vue","all":false,"statementMap":{"0":{"start":{"line":1,"column":0},"end":{"line":1,"column":10}},"1":{"start":{"line":2,"column":0},"end":{"line":2,"column":55}},"2":{"start":{"line":3,"column":0},"end":{"line":3,"column":37}},"3":{"start":{"line":4,"column":0},"end":{"line":4,"column":53}},"4":{"start":{"line":5,"column":0},"end":{"line":5,"column":48}},"5":{"start":{"line":6,"column":0},"end":{"line":6,"column":12}},"6":{"start":{"line":7,"column":0},"end":{"line":7,"column":39}},"7":{"start":{"line":8,"column":0},"end":{"line":8,"column":40}},"8":{"start":{"line":9,"column":0},"end":{"line":9,"column":40}},"9":{"start":{"line":10,"column":0},"end":{"line":10,"column":62}},"10":{"start":{"line":11,"column":0},"end":{"line":11,"column":15}},"11":{"start":{"line":12,"column":0},"end":{"line":12,"column":40}},"12":{"start":{"line":13,"column":0},"end":{"line":13,"column":44}},"13":{"start":{"line":14,"column":0},"end":{"line":14,"column":19}},"14":{"start":{"line":15,"column":0},"end":{"line":15,"column":59}},"15":{"start":{"line":16,"column":0},"end":{"line":16,"column":28}},"16":{"start":{"line":17,"column":0},"end":{"line":17,"column":33}},"18":{"start":{"line":19,"column":0},"end":{"line":19,"column":27}},"19":{"start":{"line":20,"column":0},"end":{"line":20,"column":21}},"20":{"start":{"line":21,"column":0},"end":{"line":21,"column":18}},"21":{"start":{"line":22,"column":0},"end":{"line":22,"column":61}},"22":{"start":{"line":23,"column":0},"end":{"line":23,"column":16}},"23":{"start":{"line":24,"column":0},"end":{"line":24,"column":14}},"24":{"start":{"line":25,"column":0},"end":{"line":25,"column":71}},"26":{"start":{"line":27,"column":0},"end":{"line":27,"column":41}},"27":{"start":{"line":28,"column":0},"end":{"line":28,"column":73}},"28":{"start":{"line":29,"column":0},"end":{"line":29,"column":58}},"30":{"start":{"line":31,"column":0},"end":{"line":31,"column":19}},"31":{"start":{"line":32,"column":0},"end":{"line":32,"column":76}},"32":{"start":{"line":33,"column":0},"end":{"line":33,"column":49}},"33":{"start":{"line":34,"column":0},"end":{"line":34,"column":19}},"34":{"start":{"line":35,"column":0},"end":{"line":35,"column":80}
[...]
ch","line":115,"loc":{"start":{"line":115,"column":2},"end":{"line":127,"column":3}},"locations":[{"start":{"line":115,"column":2},"end":{"line":127,"column":3}}]},"1":{"type":"branch","line":128,"loc":{"start":{"line":128,"column":2},"end":{"line":130,"column":3}},"locations":[{"start":{"line":128,"column":2},"end":{"line":130,"column":3}}]},"2":{"type":"branch","line":132,"loc":{"start":{"line":132,"column":4},"end":{"line":143,"column":5}},"locations":[{"start":{"line":132,"column":4},"end":{"line":143,"column":5}}]},"3":{"type":"branch","line":144,"loc":{"start":{"line":144,"column":4},"end":{"line":146,"column":5}},"locations":[{"start":{"line":144,"column":4},"end":{"line":146,"column":5}}]},"4":{"type":"branch","line":169,"loc":{"start":{"line":169,"column":4},"end":{"line":180,"column":5}},"locations":[{"start":{"line":169,"column":4},"end":{"line":180,"column":5}}]},"5":{"type":"branch","line":170,"loc":{"start":{"line":170,"column":79},"end":{"line":179,"column":7}},"locations":[{"start":{"line":170,"column":79},"end":{"line":179,"column":7}}]},"6":{"type":"branch","line":172,"loc":{"start":{"line":172,"column":10},"end":{"line":172,"column":51}},"locations":[{"start":{"line":172,"column":10},"end":{"line":172,"column":51}}]},"7":{"type":"branch","line":1,"loc":{"start":{"line":1,"column":0},"end":{"line":1,"column":10}},"locations":[{"start":{"line":1,"column":0},"end":{"line":1,"column":10}}]},"8":{"type":"branch","line":28,"loc":{"start":{"line":28,"column":10},"end":{"line":28,"column":73}},"locations":[{"start":{"line":28,"column":10},"end":{"line":28,"column":73}}]},"9":{"type":"branch","line":29,"loc":{"start":{"line":29,"column":10},"end":{"line":31,"column":19}},"locations":[{"start":{"line":29,"column":10},"end":{"line":31,"column":19}}]},"10":{"type":"branch","line":32,"loc":{"start":{"line":32,"column":60},"end":{"line":32,"column":76}},"locations":[{"start":{"line":32,"column":60},"end":{"line":32,"column":76}}]},"11":{"type":"branch","line":33,"loc":{"start":{"line":33,"column":24},"end":{"line":33,"column":49}},"locations":[{"start":{"line":33,"column":24},"end":{"line":33,"column":49}}]},"12":{"type":"branch","line":33,"loc":{"start":{"line":33,"column":24},"end":{"line":33,"column":49}},"locations":[{"start":{"line":33,"column":24},"end":{"line":33,"column":49}}]},"13":{"type":"branch","line":35,"loc":{"start":{"line":35,"column":60},"end":{"line":35,"column":80}},"locations":[{"start":{"line":35,"column":60},"end":{"line":35,"column":80}}]},"14":{"type":"branch","line":41,"loc":{"start":{"line":41,"column":23},"end":{"line":41,"column":46}},"locations":[{"start":{"line":41,"column":23},"end":{"line":41,"column":46}}]},"15":{"type":"branch","line":43,"loc":{"start":{"line":43,"column":14},"end":{"line":43,"column":70}},"locations":[{"start":{"line":43,"column":14},"end":{"line":43,"column":70}}]},"16":{"type":"branch","line":1,"loc":{"start":{"line":1,"column":0},"end":{"line":47,"column":40}},"locations":[{"start":{"line":1,"column":0},"end":{"line":47,"column":40}}]},"17":{"type":"branch","line":53,"loc":{"start":{"line":53,"column":14},"end":{"line":53,"column":76}},"locations":[{"start":{"line":53,"column":14},"end":{"line":53,"column":76}}]},"18":{"type":"branch","line":1,"loc":{"start":{"line":1,"column":0},"end":{"line":57,"column":43}},"locations":[{"start":{"line":1,"column":0},"end":{"line":57,"column":43}}]},"19":{"type":"branch","line":63,"loc":{"start":{"line":63,"column":14},"end":{"line":63,"column":68}},"locations":[{"start":{"line":63,"column":14},"end":{"line":63,"column":68}}]},"20":{"type":"branch","line":1,"loc":{"start":{"line":1,"column":0},"end":{"line":67,"column":46}},"locations":[{"start":{"line":1,"column":0},"end":{"line":67,"column":46}}]},"21":{"type":"branch","line":73,"loc":{"start":{"line":73,"column":14},"end":{"line":73,"column":66}},"locations":[{"start":{"line":73,"column":14},"end":{"line":73,"column":66}}]},"22":{"type":"branch","line":1,"loc":{"start":{"line":1,"column":0},"end":{"line":77,"column":38}},"locations":[{"start":{"line":1,"column":0},"end":{"line":77,"column":38}}]},"23":{"type":"branch","line":83,"loc":{"start":{"line":83,"column":14},"end":{"line":84,"column":47}},"locations":[{"start":{"line":83,"column":14},"end":{"line":84,"column":47}}]},"24":{"type":"branch","line":1,"loc":{"start":{"line":1,"column":0},"end":{"line":89,"column":40}},"locations":[{"start":{"line":1,"column":0},"end":{"line":89,"column":40}}]},"25":{"type":"branch","line":95,"loc":{"start":{"line":95,"column":61},"end":{"line":95,"column":75}},"locations":[{"start":{"line":95,"column":61},"end":{"line":95,"column":75}}]},"26":{"type":"branch","line":98,"loc":{"start":{"line":98,"column":14},"end":{"line":98,"column":66}},"locations":[{"start":{"line":98,"column":14},"end":{"line":98,"column":66}}]},"27":{"type":"branch","line":1,"loc":{"start":{"line":1,"column":0},"end":{"line":1,"column":10}},"locations":[{"start":{"line":1,"column":0},"end":{"line":1,"column":10}}]},"28":{"type":"branch","line":1,"loc":{"start":{"line":1,"column":0},"end":{"line":1,"column":10}},"locations":[{"start":{"line":1,"column":0},"end":{"line":1,"column":10}}]},"29":{"type":"branch","line":32,"loc":{"start":{"line":32,"column":60},"end":{"line":32,"column":76}},"locations":[{"start":{"line":32,"column":60},"end":{"line":32,"column":76}}]},"30":{"type":"branch","line":35,"loc":{"start":{"line":35,"column":60},"end":{"line":35,"column":80}},"locations":[{"start":{"line":35,"column":60},"end":{"line":35,"column":80}}]},"31":{"type":"branch","line":95,"loc":{"start":{"line":95,"column":61},"end":{"line":95,"column":75}},"locations":[{"start":{"line":95,"column":61},"end":{"line":95,"column":75}}]}},"b":{"0":[5],"1":[5],"2":[2],"3":[1],"4":[2],"5":[1],"6":[1],"7":[0],"8":[5],"9":[5],"10":[5],"11":[4],"12":[6],"13":[5],"14":[2],"15":[2],"16":[2],"17":[2],"18":[2],"19":[2],"20":[2],"21":[2],"22":[2],"23":[2],"24":[2],"25":[2],"26":[2],"27":[6],"28":[0],"29":[2],"30":[2],"31":[1]},"fnMap":{"0":{"name":"data","decl":{"start":{"line":115,"column":2},"end":{"line":127,"column":3}},"loc":{"start":{"line":115,"column":2},"end":{"line":127,"column":3}},"line":115},"1":{"name":"created","decl":{"start":{"line":128,"column":2},"end":{"line":130,"column":3}},"loc":{"start":{"line":128,"column":2},"end":{"line":130,"column":3}},"line":128},"2":{"name":"startEditing","decl":{"start":{"line":132,"column":4},"end":{"line":143,"column":5}},"loc":{"start":{"line":132,"column":4},"end":{"line":143,"column":5}},"line":132},"3":{"name":"cancelEdit","decl":{"start":{"line":144,"column":4},"end":{"line":146,"column":5}},"loc":{"start":{"line":144,"column":4},"end":{"line":146,"column":5}},"line":144},"4":{"name":"saveChanges","decl":{"start":{"line":147,"column":4},"end":{"line":168,"column":5}},"loc":{"start":{"line":147,"column":4},"end":{"line":168,"column":5}},"line":147},"5":{"name":"deleteMusicSheet","decl":{"start":{"line":169,"column":4},"end":{"line":180,"column":5}},"loc":{"start":{"line":169,"column":4},"end":{"line":180,"column":5}},"line":169},"6":{"name":"onClick._cache.<computed>._cache.<computed>","decl":{"start":{"line":32,"column":60},"end":{"line":32,"column":76}},"loc":{"start":{"line":32,"column":60},"end":{"line":32,"column":76}},"line":32},"7":{"name":"onClick._cache.<computed>._cache.<computed>","decl":{"start":{"line":35,"column":60},"end":{"line":35,"column":80}},"loc":{"start":{"line":35,"column":60},"end":{"line":35,"column":80}},"line":35},"8":{"name":"onUpdate:modelValue._cache.<computed>._cache.<computed>","decl":{"start":{"line":1,"column":0},"end":{"line":47,"column":40}},"loc":{"start":{"line":1,"column":0},"end":{"line":47,"column":40}},"line":1},"9":{"name":"onUpdate:modelValue._cache.<computed>._cache.<computed>","decl":{"start":{"line":1,"column":0},"end":{"line":57,"column":43}},"loc":{"start":{"line":1,"column":0},"end":{"line":57,"column":43}},"line":1},"10":{"name":"onUpdate:modelValue._cache.<computed>._cache.<computed>","decl":{"start":{"line":1,"column":0},"end":{"line":67,"column":46}},"loc":{"start":{"line":1,"column":0},"end":{"line":67,"column":46}},"line":1},"11":{"name":"onUpdate:modelValue._cache.<computed>._cache.<computed>","decl":{"start":{"line":1,"column":0},"end":{"line":77,"column":38}},"loc":{"start":{"line":1,"column":0},"end":{"line":77,"column":38}},"line":1},"12":{"name":"onUpdate:modelValue._cache.<computed>._cache.<computed>","decl":{"start":{"line":1,"column":0},"end":{"line":89,"column":40}},"loc":{"start":{"line":1,"column":0},"end":{"line":89,"column":40}},"line":1},"13":{"name":"onClick._cache.<computed>._cache.<computed>","decl":{"start":{"line":95,"column":61},"end":{"line":95,"column":75}},"loc":{"start":{"line":95,"column":61},"end":{"line":95,"column":75}},"line":95}},"f":{"0":5,"1":5,"2":2,"3":1,"4":0,"5":2,"6":2,"7":2,"8":0,"9":0,"10":0,"11":0,"12":0,"13":1}}
,"C:\\Users\\Terer\\Desktop\\UNIVERSITY\\AN 2\\SEMESTRUL 4\\MPP (Systems for Design and Implementations)\\HarmonicArchive\\HarmonicArchive\\src\\views\\Home.vue": {"path":"C:\\Users\\Terer\\Desktop\\UNIVERSITY\\AN 2\\SEMESTRUL 4\\MPP (Systems for Design and Implementations)\\HarmonicArchive\\HarmonicArchive\\src\\views\\Home.vue","all":true,"statementMap":{"0":{"start":{"line":1,"column":0},"end":{"line":1,"column":10}},"1":{"start":{"line":2,"column":0},"end":{"line":2,"column":7}},"2":{"start":{"line":3,"column":0},"end":{"line":3,"column":17}},"3":{"start":{"line":4,"column":0},"end":{"line":4,"column":8}},"4":{"start":{"line":5,"column":0},"end":{"line":5,"column":11}},"5":{"start":{"line":6,"column":0},"end":{"line":6,"column":0}},"6":{"start":{"line":7,"column":0},"end":{"line":7,"column":8}},"7":{"start":{"line":8,"column":0},"end":{"line":8,"column":52}},"8":{"start":{"line":9,"column":0},"end":{"line":9,"column":0}},"9":{"start":{"line":10,"column":0},"end":{"line":10,"column":16}},"10":{"start":{"line":11,"column":0},"end":{"line":11,"column":15}},"11":{"start":{"line":12,"column":0},"end":{"line":12,"column":15}},"12":{"start":{"line":13,"column":0},"end":{"line":13,"column":14}},"13":{"start":{"line":14,"column":0},"end":{"line":14,"column":4}},"14":{"start":{"line":15,"column":0},"end":{"line":15,"column":2}},"15":{"start":{"line":16,"column":0},"end":{"line":16,"column":9}},"16":{"start":{"line":17,"column":0},"end":{"line":17,"column":0}},"17":{"start":{"line":18,"column":0},"end":{"line":18,"column":14}},"18":{"start":{"line":19,"column":0},"end":{"line":19,"column":26}},"19":{"start":{"line":20,"column":0},"end":{"line":20,"column":8}}},"s":{"0":0,"1":0,"2":0,"3":0,"4":0,"5":0,"6":0,"7":0,"8":0,"9":0,"10":0,"11":0,"12":0,"13":0,"14":0,"15":0,"16":0,"17":0,"18":0,"19":0},"branchMap":{"0":{"type":"branch","line":1,"loc":{"start":{"line":1,"column":0},"end":{"line":20,"column":8}},"locations":[{"start":{"line":1,"column":0},"end":{"line":20,"column":8}}]}},"b":{"0":[0]},"fnMap":{"0":{"name":"(empty-report)","decl":{"start":{"line":1,"column":0},"end":{"line":20,"column":8}},"loc":{"start":{"line":1,"column":0},"end":{"line":20,"column":8}},"line":1}},"f":{"0":0}}
,"C:\\Users\\Terer\\Desktop\\UNIVERSITY\\AN 2\\SEMESTRUL 4\\MPP (Systems for Design and Implementations)\\HarmonicArchive\\HarmonicArchive\\src\\views\\Upload.vue": {"path":"C:\\Users\\Terer\\Desktop\\UNIVERSITY\\AN 2\\SEMESTRUL 4\\MPP (Systems for Design and Implementations)\\HarmonicArchive\\HarmonicArchive\\src\\views\\Upload.vue","all":true,"statementMap":{"0":{"start":{"line":1,"column":0},"end":{"line":1,"column":80}},"1":{"start":{"line":2,"column":0},"end":{"line":2,"column":10}},"2":{"start":{"line":3,"column":0},"end":{"line":3,"column":75}},"3":{"start":{"line":4,"column":0},"end":{"line":4,"column":10}},"4":{"start":{"line":5,"column":0},"end":{"line":5,"column":7}},"5":{"start":{"line":6,"column":0},"end":{"line":6,"column":24}},"6":{"start":{"line":7,"column":0},"end":{"line":7,"column":8}},"7":{"start":{"line":8,"column":0},"end":{"line":8,"column":11}},"8":{"start":{"line":9,"column":0},"end":{"line":9,"column":0}},"9":{"start":{"line":10,"column":0},"end":{"line":10,"column":8}},"10":{"start":{"line":11,"column":0},"end":{"line":11,"column":66}},"11":{"start":{"line":12,"column":0},"end":{"line":12,"column":0}},"12":{"start":{"line":13,"column":0},"end":{"line":13,"column":16}},"13":{"start":{"line":14,"column":0},"end":{"line":14,"column":17}},"14":{"start":{"line":15,"column":0},"end":{"line":15,"column":15}},"15":{"start":{"line":16,"column":0},"end":{"line":16,"column":21}},"16":{"start":{"line":17,"column":0},"end":{"line":17,"column":4}},"17":{"start":{"line":18,"column":0},"end":{"line":18,"column":2}},"18":{"start":{"line":19,"column":0},"end":{"line":19,"column":9}},"19":{"start":{"line":20,"column":0},"end":{"line":20,"column":0}},"20":{"start":{"line":21,"column":0},"end":{"line":21,"column":14}},"21":{"start":{"line":22,"column":0},"end":{"line":22,"column":26}},"22":{"start":{"line":23,"column":0},"end":{"line":23,"column":8}}},"s":{"0":0,"1":0,"2":0,"3":0,"4":0,"5":0,"6":0,"7":0,"8":0,"9":0,"10":0,"11":0,"12":0,"13":0,"14":0,"15":0,"16":0,"17":0,"18":0,"19":0,"20":0,"21":0,"22":0},"branchMap":{"0":{"type":"branch","line":1,"loc":{"start":{"line":1,"column":0},"end":{"line":23,"column":8}},"locations":[{"start":{"line":1,"column":0},"end":{"line":23,"column":8}}]}},"b":{"0":[0]},"fnMap":{"0":{"name":"(empty-report)","decl":{"start":{"line":1,"column":0},"end":{"line":23,"column":8}},"loc":{"start":{"line":1,"column":0},"end":{"line":23,"column":8}},"line":1}},"f":{"0":0}}
,"C:\\Users\\Terer\\Desktop\\UNIVERSITY\\AN 2\\SEMESTRUL 4\\MPP (Systems for Design and Implementations)\\HarmonicArchive\\HarmonicArchive\\src\\views\\View.vue": {"path":"C:\\Users\\Terer\\Desktop\\UNIVERSITY\\AN 2\\SEMESTRUL 4\\MPP (Systems for Design and Implementations)\\HarmonicArchive\\HarmonicArchive\\src\\views\\View.vue","all":true,"statementMap":{"0":{"start":{"line":1,"column":0},"end":{"line":1,"column":80}},"1":{"start":{"line":2,"column":0},"end":{"line":2,"column":10}},"2":{"start":{"line":3,"column":0},"end":{"line":3,"column":73}},"3":{"start":{"line":4,"column":0},"end":{"line":4,"column":10}},"4":{"start":{"line":5,"column":0},"end":{"line":5,"column":7}},"5":{"start":{"line":6,"column":0},"end":{"line":6,"column":22}},"6":{"start":{"line":7,"column":0},"end":{"line":7,"column":8}},"7":{"start":{"line":8,"column":0},"end":{"line":8,"column":11}},"8":{"start":{"line":9,"column":0},"end":{"line":9,"column":0}},"9":{"start":{"line":10,"column":0},"end":{"line":10,"column":8}},"10":{"start":{"line":11,"column":0},"end":{"line":11,"column":62}},"11":{"start":{"line":12,"column":0},"end":{"line":12,"column":0}},"12":{"start":{"line":13,"column":0},"end":{"line":13,"column":16}},"13":{"start":{"line":14,"column":0},"end":{"line":14,"column":15}},"14":{"start":{"line":15,"column":0},"end":{"line":15,"column":15}},"15":{"start":{"line":16,"column":0},"end":{"line":16,"column":19}},"16":{"start":{"line":17,"column":0},"end":{"line":17,"column":4}},"17":{"start":{"line":18,"column":0},"end":{"line":18,"column":2}},"18":{"start":{"line":19,"column":0},"end":{"line":19,"column":9}},"19":{"start":{"line":20,"column":0},"end":{"line":20,"column":0}},"20":{"start":{"line":21,"column":0},"end":{"line":21,"column":14}},"21":{"start":{"line":22,"column":0},"end":{"line":22,"column":26}},"22":{"start":{"line":23,"column":0},"end":{"line":23,"column":8}}},"s":{"0":0,"1":0,"2":0,"3":0,"4":0,"5":0,"6":0,"7":0,"8":0,"9":0,"10":0,"11":0,"12":0,"13":0,"14":0,"15":0,"16":0,"17":0,"18":0,"19":0,"20":0,"21":0,"22":0},"branchMap":{"0":{"type":"branch","line":1,"loc":{"start":{"line":1,"column":0},"end":{"line":23,"column":8}},"locations":[{"start":{"line":1,"column":0},"end":{"line":23,"column":8}}]}},"b":{"0":[0]},"fnMap":{"0":{"name":"(empty-report)","decl":{"start":{"line":1,"column":0},"end":{"line":23,"column":8}},"loc":{"start":{"line":1,"column":0},"end":{"line":23,"column":8}},"line":1}},"f":{"0":0}}
,"C:\\Users\\Terer\\Desktop\\UNIVERSITY\\AN 2\\SEMESTRUL 4\\MPP (Systems for Design and Implementations)\\HarmonicArchive\\HarmonicArchive\\src\\workers\\generateMusicSheets.worker.js": {"path":"C:\\Users\\Terer\\Desktop\\UNIVERSITY\\AN 2\\SEMESTRUL 4\\MPP (Systems for Design and Implementations)\\HarmonicArchive\\HarmonicArchive\\src\\workers\\generateMusicSheets.worker.js","all":true,"statementMap":{"0":{"start":{"line":1,"column":0},"end":{"line":1,"column":40}},"1":{"start":{"line":2,"column":0},"end":{"line":2,"column":0}},"2":{"start":{"line":3,"column":0},"end":{"line":3,"column":34}},"3":{"start":{"line":4,"column":0},"end":{"line":4,"column":0}},"4":{"start":{"line":5,"column":0},"end":{"line":5,"column":31}},"5":{"start":{"line":6,"column":0},"end":{"line":6,"column":30}},"6":{"start":{"line":7,"column":0},"end":{"line":7,"column":0}},"7":{"start":{"line":8,"column":0},"end":{"line":8,"column":35}},"8":{"start":{"line":9,"column":0},"end":{"line":9,"column":41}},"9":{"start":{"line":10,"column":0},"end":{"line":10,"column":83}},"10":{"start":{"line":11,"column":0},"end":{"line":11,"column":48}},"11":{"start":{"line":12,"column":0},"end":{"line":12,"column":53}},"12":{"start":{"line":13,"column":0},"end":{"line":13,"column":92}},"13":{"start":{"line":14,"column":0},"end":{"line":14,"column":108}},"14":{"start":{"line":15,"column":0},"end":{"line":15,"column":27}},"15":{"start":{"line":16,"column":0},"end":{"line":16,"column":45}},"16":{"start":{"line":17,"column":0},"end":{"line":17,"column":0}},"17":{"start":{"line":18,"column":0},"end":{"line":18,"column":12}},"18":{"start":{"line":19,"column":0},"end":{"line":19,"column":9}},"19":{"start":{"line":20,"column":0},"end":{"line":20,"column":12}},"20":{"start":{"line":21,"column":0},"end":{"line":21,"column":15}},"21":{"start":{"line":22,"column":0},"end":{"line":22,"column":51}},"22":{"start":{"line":23,"column":0},"end":{"line":23,"column":11}},"23":{"start":{"line":24,"column":0},"end":{"line":24,"column":61}},"24":{"start":{"line":25,"column":0},"end":{"line":25,"column":51}},"25":{"start":{"line":26,"column":0},"end":{"line":26,"column":15}},"26":{"start":{"line":27,"column":0},"end":{"line":27,"column":11}},"27":{"start":{"line":28,"column":0},"end":{"line":28,"column":6}},"28":{"start":{"line":29,"column":0},"end":{"line":29,"column":3}},"29":{"start":{"line":30,"column":0},"end":{"line":30,"column":0}},"30":{"start":{"line":31,"column":0},"end":{"line":31,"column":13}},"31":{"start":{"line":32,"column":0},"end":{"line":32,"column":21}},"32":{"start":{"line":33,"column":0},"end":{"line":33,"column":48}},"33":{"start":{"line":34,"column":0},"end":{"line":34,"column":54}},"34":{"start":{"line":35,"column":0},"end":{"line":35,"column":28}},"35":{"start":{"line":36,"column":0},"end":{"line":36,"column":15}},"36":{"start":{"line":37,"column":0},"end":{"line":37,"column":0}},"37":{"start":{"line":38,"column":0},"end":{"line":38,"column":24}},"38":{"start":{"line":39,"column":0},"end":{"line":39,"column":24}},"39":{"start":{"line":40,"column":0},"end":{"line":40,"column":30}},"40":{"start":{"line":41,"column":0},"end":{"line":41,"column":34}},"41":{"start":{"line":42,"column":0},"end":{"line":42,"column":4}},"42":{"start":{"line":43,"column":0},"end":{"line":43,"column":2}}},"s":{"0":0,"1":0,"2":0,"3":0,"4":0,"5":0,"6":0,"7":0,"8":0,"9":0,"10":0,"11":0,"12":0,"13":0,"14":0,"15":0,"16":0,"17":0,"18":0,"19":0,"20":0,"21":0,"22":0,"23":0,"24":0,"25":0,"26":0,"27":0,"28":0,"29":0,"30":0,"31":0,"32":0,"33":0,"34":0,"35":0,"36":0,"37":0,"38":0,"39":0,"40":0,"41":0,"42":0},"branchMap":{"0":{"type":"branch","line":1,"loc":{"start":{"line":1,"column":0},"end":{"line":43,"column":2}},"locations":[{"start":{"line":1,"column":0},"end":{"line":43,"column":2}}]}},"b":{"0":[0]},"fnMap":{"0":{"name":"(empty-report)","decl":{"start":{"line":1,"column":0},"end":{"line":43,"column":2}},"loc":{"start":{"line":1,"column":0},"end":{"line":43,"column":2}},"line":1}},"f":{"0":0}}
}
